2026-03-13 12:01:04 Log wrapper init() ./logs/CandleWorker_GBP_JPY.log
2026-03-13 12:01:04 Created CandleWorker for GBP_JPY {'n_ma': 20, 'n_std': 2.0, 'maxspread': 0.04, 'mingain': 0.14, 'riskreward': 1.5, 'pair': 'GBP_JPY'}
2026-03-13 12:02:01 process_candles:
       PAIR                      time    mid_c    mid_o   SL   TP  SPREAD      GAIN     LOSS  SIGNAL
45  GBP_JPY 2026-03-13 15:57:00+00:00  211.250  211.207  0.0  0.0   0.037  0.044167  211.250       0
46  GBP_JPY 2026-03-13 15:58:00+00:00  211.250  211.250  0.0  0.0   0.031  0.042933  211.250       0
47  GBP_JPY 2026-03-13 15:59:00+00:00  211.213  211.251  0.0  0.0   0.026  0.005500  211.213       0
48  GBP_JPY 2026-03-13 16:00:00+00:00  211.248  211.211  0.0  0.0   0.035  0.039450  211.248       0
49  GBP_JPY 2026-03-13 16:01:00+00:00  211.232  211.248  0.0  0.0   0.027  0.021467  211.232       0
2026-03-13 12:03:00 process_candles:
       PAIR                      time    mid_c    mid_o   SL   TP  SPREAD      GAIN     LOSS  SIGNAL
45  GBP_JPY 2026-03-13 15:58:00+00:00  211.250  211.250  0.0  0.0   0.031  0.042933  211.250       0
46  GBP_JPY 2026-03-13 15:59:00+00:00  211.213  211.251  0.0  0.0   0.026  0.005500  211.213       0
47  GBP_JPY 2026-03-13 16:00:00+00:00  211.248  211.211  0.0  0.0   0.035  0.039450  211.248       0
48  GBP_JPY 2026-03-13 16:01:00+00:00  211.232  211.248  0.0  0.0   0.027  0.021467  211.232       0
49  GBP_JPY 2026-03-13 16:02:00+00:00  211.266  211.232  0.0  0.0   0.037  0.051900  211.266       0
2026-03-13 12:04:00 process_candles:
       PAIR                      time    mid_c    mid_o   SL   TP  SPREAD      GAIN     LOSS  SIGNAL
45  GBP_JPY 2026-03-13 15:59:00+00:00  211.213  211.251  0.0  0.0   0.026  0.005500  211.213       0
46  GBP_JPY 2026-03-13 16:00:00+00:00  211.248  211.211  0.0  0.0   0.035  0.039450  211.248       0
47  GBP_JPY 2026-03-13 16:01:00+00:00  211.232  211.248  0.0  0.0   0.027  0.021467  211.232       0
48  GBP_JPY 2026-03-13 16:02:00+00:00  211.266  211.232  0.0  0.0   0.037  0.051900  211.266       0
49  GBP_JPY 2026-03-13 16:03:00+00:00  211.315  211.266  0.0  0.0   0.028  0.094750  211.315       0
2026-03-13 12:05:01 process_candles:
       PAIR                      time    mid_c    mid_o   SL   TP  SPREAD      GAIN     LOSS  SIGNAL
45  GBP_JPY 2026-03-13 16:00:00+00:00  211.248  211.211  0.0  0.0   0.035  0.039450  211.248       0
46  GBP_JPY 2026-03-13 16:01:00+00:00  211.232  211.248  0.0  0.0   0.027  0.021467  211.232       0
47  GBP_JPY 2026-03-13 16:02:00+00:00  211.266  211.232  0.0  0.0   0.037  0.051900  211.266       0
48  GBP_JPY 2026-03-13 16:03:00+00:00  211.315  211.266  0.0  0.0   0.028  0.094750  211.315       0
49  GBP_JPY 2026-03-13 16:04:00+00:00  211.255  211.316  0.0  0.0   0.038  0.030067  211.255       0
2026-03-13 12:06:00 process_candles:
       PAIR                      time    mid_c    mid_o   SL   TP  SPREAD      GAIN     LOSS  SIGNAL
45  GBP_JPY 2026-03-13 16:01:00+00:00  211.232  211.248  0.0  0.0   0.027  0.021467  211.232       0
46  GBP_JPY 2026-03-13 16:02:00+00:00  211.266  211.232  0.0  0.0   0.037  0.051900  211.266       0
47  GBP_JPY 2026-03-13 16:03:00+00:00  211.315  211.266  0.0  0.0   0.028  0.094750  211.315       0
48  GBP_JPY 2026-03-13 16:04:00+00:00  211.255  211.316  0.0  0.0   0.038  0.030067  211.255       0
49  GBP_JPY 2026-03-13 16:05:00+00:00  211.267  211.256  0.0  0.0   0.036  0.038700  211.267       0
2026-03-13 12:07:01 process_candles:
       PAIR                      time    mid_c    mid_o   SL   TP  SPREAD      GAIN     LOSS  SIGNAL
45  GBP_JPY 2026-03-13 16:02:00+00:00  211.266  211.232  0.0  0.0   0.037  0.051900  211.266       0
46  GBP_JPY 2026-03-13 16:03:00+00:00  211.315  211.266  0.0  0.0   0.028  0.094750  211.315       0
47  GBP_JPY 2026-03-13 16:04:00+00:00  211.255  211.316  0.0  0.0   0.038  0.030067  211.255       0
48  GBP_JPY 2026-03-13 16:05:00+00:00  211.267  211.256  0.0  0.0   0.036  0.038700  211.267       0
49  GBP_JPY 2026-03-13 16:06:00+00:00  211.253  211.266  0.0  0.0   0.038  0.021233  211.253       0
2026-03-13 12:08:01 process_candles:
       PAIR                      time    mid_c    mid_o   SL   TP  SPREAD      GAIN     LOSS  SIGNAL
44  GBP_JPY 2026-03-13 16:03:00+00:00  211.315  211.266  0.0  0.0   0.028  0.094750  211.315       0
45  GBP_JPY 2026-03-13 16:04:00+00:00  211.255  211.316  0.0  0.0   0.038  0.030067  211.255       0
46  GBP_JPY 2026-03-13 16:05:00+00:00  211.267  211.256  0.0  0.0   0.036  0.038700  211.267       0
47  GBP_JPY 2026-03-13 16:06:00+00:00  211.253  211.266  0.0  0.0   0.038  0.021233  211.253       0
48  GBP_JPY 2026-03-13 16:07:00+00:00  211.303  211.254  0.0  0.0   0.036  0.068983  211.303       0
2026-03-13 12:09:00 process_candles:
       PAIR                      time    mid_c    mid_o   SL   TP  SPREAD      GAIN     LOSS  SIGNAL
45  GBP_JPY 2026-03-13 16:04:00+00:00  211.255  211.316  0.0  0.0   0.038  0.030067  211.255       0
46  GBP_JPY 2026-03-13 16:05:00+00:00  211.267  211.256  0.0  0.0   0.036  0.038700  211.267       0
47  GBP_JPY 2026-03-13 16:06:00+00:00  211.253  211.266  0.0  0.0   0.038  0.021233  211.253       0
48  GBP_JPY 2026-03-13 16:07:00+00:00  211.303  211.254  0.0  0.0   0.036  0.068983  211.303       0
49  GBP_JPY 2026-03-13 16:08:00+00:00  211.262  211.304  0.0  0.0   0.037  0.026717  211.262       0
2026-03-13 12:10:00 process_candles:
       PAIR                      time    mid_c    mid_o   SL   TP  SPREAD      GAIN     LOSS  SIGNAL
45  GBP_JPY 2026-03-13 16:05:00+00:00  211.267  211.256  0.0  0.0   0.036  0.038700  211.267       0
46  GBP_JPY 2026-03-13 16:06:00+00:00  211.253  211.266  0.0  0.0   0.038  0.021233  211.253       0
47  GBP_JPY 2026-03-13 16:07:00+00:00  211.303  211.254  0.0  0.0   0.036  0.068983  211.303       0
48  GBP_JPY 2026-03-13 16:08:00+00:00  211.262  211.304  0.0  0.0   0.037  0.026717  211.262       0
49  GBP_JPY 2026-03-13 16:09:00+00:00  211.270  211.260  0.0  0.0   0.038  0.034217  211.270       0
2026-03-13 12:11:00 process_candles:
       PAIR                      time    mid_c    mid_o   SL   TP  SPREAD      GAIN     LOSS  SIGNAL
45  GBP_JPY 2026-03-13 16:06:00+00:00  211.253  211.266  0.0  0.0   0.038  0.021233  211.253       0
46  GBP_JPY 2026-03-13 16:07:00+00:00  211.303  211.254  0.0  0.0   0.036  0.068983  211.303       0
47  GBP_JPY 2026-03-13 16:08:00+00:00  211.262  211.304  0.0  0.0   0.037  0.026717  211.262       0
48  GBP_JPY 2026-03-13 16:09:00+00:00  211.270  211.260  0.0  0.0   0.038  0.034217  211.270       0
49  GBP_JPY 2026-03-13 16:10:00+00:00  211.252  211.270  0.0  0.0   0.031  0.014617  211.252       0
2026-03-13 12:12:00 process_candles:
       PAIR                      time    mid_c    mid_o   SL   TP  SPREAD      GAIN     LOSS  SIGNAL
45  GBP_JPY 2026-03-13 16:07:00+00:00  211.303  211.254  0.0  0.0   0.036  0.068983  211.303       0
46  GBP_JPY 2026-03-13 16:08:00+00:00  211.262  211.304  0.0  0.0   0.037  0.026717  211.262       0
47  GBP_JPY 2026-03-13 16:09:00+00:00  211.270  211.260  0.0  0.0   0.038  0.034217  211.270       0
48  GBP_JPY 2026-03-13 16:10:00+00:00  211.252  211.270  0.0  0.0   0.031  0.014617  211.252       0
49  GBP_JPY 2026-03-13 16:11:00+00:00  211.282  211.254  0.0  0.0   0.036  0.041333  211.282       0
2026-03-13 12:13:00 process_candles:
       PAIR                      time    mid_c    mid_o   SL   TP  SPREAD      GAIN     LOSS  SIGNAL
45  GBP_JPY 2026-03-13 16:08:00+00:00  211.262  211.304  0.0  0.0   0.037  0.026717  211.262       0
46  GBP_JPY 2026-03-13 16:09:00+00:00  211.270  211.260  0.0  0.0   0.038  0.034217  211.270       0
47  GBP_JPY 2026-03-13 16:10:00+00:00  211.252  211.270  0.0  0.0   0.031  0.014617  211.252       0
48  GBP_JPY 2026-03-13 16:11:00+00:00  211.282  211.254  0.0  0.0   0.036  0.041333  211.282       0
49  GBP_JPY 2026-03-13 16:12:00+00:00  211.262  211.284  0.0  0.0   0.035  0.016417  211.262       0
2026-03-13 12:14:00 process_candles:
       PAIR                      time    mid_c    mid_o   SL   TP  SPREAD      GAIN     LOSS  SIGNAL
45  GBP_JPY 2026-03-13 16:09:00+00:00  211.270  211.260  0.0  0.0   0.038  0.034217  211.270       0
46  GBP_JPY 2026-03-13 16:10:00+00:00  211.252  211.270  0.0  0.0   0.031  0.014617  211.252       0
47  GBP_JPY 2026-03-13 16:11:00+00:00  211.282  211.254  0.0  0.0   0.036  0.041333  211.282       0
48  GBP_JPY 2026-03-13 16:12:00+00:00  211.262  211.284  0.0  0.0   0.035  0.016417  211.262       0
49  GBP_JPY 2026-03-13 16:13:00+00:00  211.249  211.264  0.0  0.0   0.038  0.000733  211.249       0
2026-03-13 12:15:00 process_candles:
       PAIR                      time    mid_c    mid_o   SL   TP  SPREAD      GAIN     LOSS  SIGNAL
45  GBP_JPY 2026-03-13 16:10:00+00:00  211.252  211.270  0.0  0.0   0.031  0.014617  211.252       0
46  GBP_JPY 2026-03-13 16:11:00+00:00  211.282  211.254  0.0  0.0   0.036  0.041333  211.282       0
47  GBP_JPY 2026-03-13 16:12:00+00:00  211.262  211.284  0.0  0.0   0.035  0.016417  211.262       0
48  GBP_JPY 2026-03-13 16:13:00+00:00  211.249  211.264  0.0  0.0   0.038  0.000733  211.249       0
49  GBP_JPY 2026-03-13 16:14:00+00:00  211.278  211.248  0.0  0.0   0.035  0.024317  211.278       0
2026-03-13 12:16:00 process_candles:
       PAIR                      time    mid_c    mid_o   SL   TP  SPREAD      GAIN     LOSS  SIGNAL
45  GBP_JPY 2026-03-13 16:11:00+00:00  211.282  211.254  0.0  0.0   0.036  0.041333  211.282       0
46  GBP_JPY 2026-03-13 16:12:00+00:00  211.262  211.284  0.0  0.0   0.035  0.016417  211.262       0
47  GBP_JPY 2026-03-13 16:13:00+00:00  211.249  211.264  0.0  0.0   0.038  0.000733  211.249       0
48  GBP_JPY 2026-03-13 16:14:00+00:00  211.278  211.248  0.0  0.0   0.035  0.024317  211.278       0
49  GBP_JPY 2026-03-13 16:15:00+00:00  211.272  211.280  0.0  0.0   0.034  0.012933  211.272       0
2026-03-13 12:17:01 process_candles:
       PAIR                      time    mid_c    mid_o   SL   TP  SPREAD      GAIN     LOSS  SIGNAL
45  GBP_JPY 2026-03-13 16:12:00+00:00  211.262  211.284  0.0  0.0   0.035  0.016417  211.262       0
46  GBP_JPY 2026-03-13 16:13:00+00:00  211.249  211.264  0.0  0.0   0.038  0.000733  211.249       0
47  GBP_JPY 2026-03-13 16:14:00+00:00  211.278  211.248  0.0  0.0   0.035  0.024317  211.278       0
48  GBP_JPY 2026-03-13 16:15:00+00:00  211.272  211.280  0.0  0.0   0.034  0.012933  211.272       0
49  GBP_JPY 2026-03-13 16:16:00+00:00  211.256  211.270  0.0  0.0   0.025  0.006483  211.256       0
2026-03-13 12:18:02 process_candles:
       PAIR                      time    mid_c    mid_o   SL   TP  SPREAD      GAIN     LOSS  SIGNAL
44  GBP_JPY 2026-03-13 16:13:00+00:00  211.249  211.264  0.0  0.0   0.038  0.000733  211.249       0
45  GBP_JPY 2026-03-13 16:14:00+00:00  211.278  211.248  0.0  0.0   0.035  0.024317  211.278       0
46  GBP_JPY 2026-03-13 16:15:00+00:00  211.272  211.280  0.0  0.0   0.034  0.012933  211.272       0
47  GBP_JPY 2026-03-13 16:16:00+00:00  211.256  211.270  0.0  0.0   0.025  0.006483  211.256       0
48  GBP_JPY 2026-03-13 16:17:00+00:00  211.248  211.254  0.0  0.0   0.023  0.014450  211.248       0
2026-03-13 12:19:00 process_candles:
       PAIR                      time    mid_c    mid_o   SL   TP  SPREAD      GAIN     LOSS  SIGNAL
45  GBP_JPY 2026-03-13 16:14:00+00:00  211.278  211.248  0.0  0.0   0.035  0.024317  211.278       0
46  GBP_JPY 2026-03-13 16:15:00+00:00  211.272  211.280  0.0  0.0   0.034  0.012933  211.272       0
47  GBP_JPY 2026-03-13 16:16:00+00:00  211.256  211.270  0.0  0.0   0.025  0.006483  211.256       0
48  GBP_JPY 2026-03-13 16:17:00+00:00  211.248  211.254  0.0  0.0   0.023  0.014450  211.248       0
49  GBP_JPY 2026-03-13 16:18:00+00:00  211.260  211.248  0.0  0.0   0.036  0.002983  211.260       0
2026-03-13 12:20:00 process_candles:
       PAIR                      time    mid_c    mid_o   SL   TP  SPREAD      GAIN     LOSS  SIGNAL
45  GBP_JPY 2026-03-13 16:15:00+00:00  211.272  211.280  0.0  0.0   0.034  0.012933  211.272       0
46  GBP_JPY 2026-03-13 16:16:00+00:00  211.256  211.270  0.0  0.0   0.025  0.006483  211.256       0
47  GBP_JPY 2026-03-13 16:17:00+00:00  211.248  211.254  0.0  0.0   0.023  0.014450  211.248       0
48  GBP_JPY 2026-03-13 16:18:00+00:00  211.260  211.248  0.0  0.0   0.036  0.002983  211.260       0
49  GBP_JPY 2026-03-13 16:19:00+00:00  211.255  211.260  0.0  0.0   0.028  0.009533  211.255       0
2026-03-13 12:21:01 process_candles:
       PAIR                      time    mid_c    mid_o   SL   TP  SPREAD      GAIN     LOSS  SIGNAL
45  GBP_JPY 2026-03-13 16:16:00+00:00  211.256  211.270  0.0  0.0   0.025  0.006483  211.256       0
46  GBP_JPY 2026-03-13 16:17:00+00:00  211.248  211.254  0.0  0.0   0.023  0.014450  211.248       0
47  GBP_JPY 2026-03-13 16:18:00+00:00  211.260  211.248  0.0  0.0   0.036  0.002983  211.260       0
48  GBP_JPY 2026-03-13 16:19:00+00:00  211.255  211.260  0.0  0.0   0.028  0.009533  211.255       0
49  GBP_JPY 2026-03-13 16:20:00+00:00  211.260  211.256  0.0  0.0   0.038  0.005833  211.260       0
2026-03-13 12:22:00 process_candles:
       PAIR                      time    mid_c    mid_o   SL   TP  SPREAD      GAIN     LOSS  SIGNAL
45  GBP_JPY 2026-03-13 16:17:00+00:00  211.248  211.254  0.0  0.0   0.023  0.014450  211.248       0
46  GBP_JPY 2026-03-13 16:18:00+00:00  211.260  211.248  0.0  0.0   0.036  0.002983  211.260       0
47  GBP_JPY 2026-03-13 16:19:00+00:00  211.255  211.260  0.0  0.0   0.028  0.009533  211.255       0
48  GBP_JPY 2026-03-13 16:20:00+00:00  211.260  211.256  0.0  0.0   0.038  0.005833  211.260       0
49  GBP_JPY 2026-03-13 16:21:00+00:00  211.250  211.255  0.0  0.0   0.038  0.016500  211.250       0
2026-03-13 12:23:00 process_candles:
       PAIR                      time    mid_c    mid_o   SL   TP  SPREAD      GAIN     LOSS  SIGNAL
45  GBP_JPY 2026-03-13 16:18:00+00:00  211.260  211.248  0.0  0.0   0.036  0.002983  211.260       0
46  GBP_JPY 2026-03-13 16:19:00+00:00  211.255  211.260  0.0  0.0   0.028  0.009533  211.255       0
47  GBP_JPY 2026-03-13 16:20:00+00:00  211.260  211.256  0.0  0.0   0.038  0.005833  211.260       0
48  GBP_JPY 2026-03-13 16:21:00+00:00  211.250  211.255  0.0  0.0   0.038  0.016500  211.250       0
49  GBP_JPY 2026-03-13 16:22:00+00:00  211.250  211.248  0.0  0.0   0.027  0.016283  211.250       0
2026-03-13 12:24:01 process_candles:
       PAIR                      time    mid_c    mid_o   SL   TP  SPREAD      GAIN     LOSS  SIGNAL
44  GBP_JPY 2026-03-13 16:19:00+00:00  211.255  211.260  0.0  0.0   0.028  0.009533  211.255       0
45  GBP_JPY 2026-03-13 16:20:00+00:00  211.260  211.256  0.0  0.0   0.038  0.005833  211.260       0
46  GBP_JPY 2026-03-13 16:21:00+00:00  211.250  211.255  0.0  0.0   0.038  0.016500  211.250       0
47  GBP_JPY 2026-03-13 16:22:00+00:00  211.250  211.248  0.0  0.0   0.027  0.016283  211.250       0
48  GBP_JPY 2026-03-13 16:23:00+00:00  211.248  211.252  0.0  0.0   0.036  0.015583  211.248       0
2026-03-13 12:25:01 process_candles:
       PAIR                      time    mid_c    mid_o   SL   TP  SPREAD      GAIN     LOSS  SIGNAL
44  GBP_JPY 2026-03-13 16:20:00+00:00  211.260  211.256  0.0  0.0   0.038  0.005833  211.260       0
45  GBP_JPY 2026-03-13 16:21:00+00:00  211.250  211.255  0.0  0.0   0.038  0.016500  211.250       0
46  GBP_JPY 2026-03-13 16:22:00+00:00  211.250  211.248  0.0  0.0   0.027  0.016283  211.250       0
47  GBP_JPY 2026-03-13 16:23:00+00:00  211.248  211.252  0.0  0.0   0.036  0.015583  211.248       0
48  GBP_JPY 2026-03-13 16:24:00+00:00  211.250  211.250  0.0  0.0   0.036  0.012017  211.250       0
2026-03-13 12:26:00 process_candles:
       PAIR                      time    mid_c    mid_o   SL   TP  SPREAD      GAIN     LOSS  SIGNAL
45  GBP_JPY 2026-03-13 16:21:00+00:00  211.250  211.255  0.0  0.0   0.038  0.016500  211.250       0
46  GBP_JPY 2026-03-13 16:22:00+00:00  211.250  211.248  0.0  0.0   0.027  0.016283  211.250       0
47  GBP_JPY 2026-03-13 16:23:00+00:00  211.248  211.252  0.0  0.0   0.036  0.015583  211.248       0
48  GBP_JPY 2026-03-13 16:24:00+00:00  211.250  211.250  0.0  0.0   0.036  0.012017  211.250       0
49  GBP_JPY 2026-03-13 16:25:00+00:00  211.238  211.248  0.0  0.0   0.037  0.022883  211.238       0
2026-03-13 12:27:00 process_candles:
       PAIR                      time    mid_c    mid_o   SL   TP  SPREAD      GAIN     LOSS  SIGNAL
45  GBP_JPY 2026-03-13 16:22:00+00:00  211.250  211.248  0.0  0.0   0.027  0.016283  211.250       0
46  GBP_JPY 2026-03-13 16:23:00+00:00  211.248  211.252  0.0  0.0   0.036  0.015583  211.248       0
47  GBP_JPY 2026-03-13 16:24:00+00:00  211.250  211.250  0.0  0.0   0.036  0.012017  211.250       0
48  GBP_JPY 2026-03-13 16:25:00+00:00  211.238  211.248  0.0  0.0   0.037  0.022883  211.238       0
49  GBP_JPY 2026-03-13 16:26:00+00:00  211.228  211.235  0.0  0.0   0.027  0.031683  211.228       0
