2026-03-13 12:01:04 Log wrapper init() ./logs/CandleWorker_GBP_CHF.log
2026-03-13 12:01:04 Created CandleWorker for GBP_CHF {'n_ma': 20, 'n_std': 2.0, 'maxspread': 0.0004, 'mingain': 0.0014, 'riskreward': 1.5, 'pair': 'GBP_CHF'}
2026-03-13 12:02:01 process_candles:
       PAIR                      time    mid_c    mid_o   SL   TP   SPREAD      GAIN     LOSS  SIGNAL
45  GBP_CHF 2026-03-13 15:57:00+00:00  1.04550  1.04544  0.0  0.0  0.00024  0.000195  1.04550       0
46  GBP_CHF 2026-03-13 15:58:00+00:00  1.04548  1.04550  0.0  0.0  0.00024  0.000169  1.04548       0
47  GBP_CHF 2026-03-13 15:59:00+00:00  1.04557  1.04548  0.0  0.0  0.00024  0.000248  1.04557       0
48  GBP_CHF 2026-03-13 16:00:00+00:00  1.04548  1.04556  0.0  0.0  0.00024  0.000146  1.04548       0
49  GBP_CHF 2026-03-13 16:01:00+00:00  1.04547  1.04548  0.0  0.0  0.00022  0.000119  1.04547       0
2026-03-13 12:03:01 process_candles:
       PAIR                      time    mid_c    mid_o   SL   TP   SPREAD      GAIN     LOSS  SIGNAL
45  GBP_CHF 2026-03-13 15:58:00+00:00  1.04548  1.04550  0.0  0.0  0.00024  0.000169  1.04548       0
46  GBP_CHF 2026-03-13 15:59:00+00:00  1.04557  1.04548  0.0  0.0  0.00024  0.000248  1.04557       0
47  GBP_CHF 2026-03-13 16:00:00+00:00  1.04548  1.04556  0.0  0.0  0.00024  0.000146  1.04548       0
48  GBP_CHF 2026-03-13 16:01:00+00:00  1.04547  1.04548  0.0  0.0  0.00022  0.000119  1.04547       0
49  GBP_CHF 2026-03-13 16:02:00+00:00  1.04558  1.04548  0.0  0.0  0.00024  0.000207  1.04558       0
2026-03-13 12:04:03 process_candles:
       PAIR                      time    mid_c    mid_o   SL   TP   SPREAD      GAIN     LOSS  SIGNAL
44  GBP_CHF 2026-03-13 15:59:00+00:00  1.04557  1.04548  0.0  0.0  0.00024  0.000248  1.04557       0
45  GBP_CHF 2026-03-13 16:00:00+00:00  1.04548  1.04556  0.0  0.0  0.00024  0.000146  1.04548       0
46  GBP_CHF 2026-03-13 16:01:00+00:00  1.04547  1.04548  0.0  0.0  0.00022  0.000119  1.04547       0
47  GBP_CHF 2026-03-13 16:02:00+00:00  1.04558  1.04548  0.0  0.0  0.00024  0.000207  1.04558       0
48  GBP_CHF 2026-03-13 16:03:00+00:00  1.04556  1.04557  0.0  0.0  0.00025  0.000171  1.04556       0
2026-03-13 12:05:01 process_candles:
       PAIR                      time    mid_c    mid_o   SL   TP   SPREAD      GAIN     LOSS  SIGNAL
45  GBP_CHF 2026-03-13 16:00:00+00:00  1.04548  1.04556  0.0  0.0  0.00024  0.000146  1.04548       0
46  GBP_CHF 2026-03-13 16:01:00+00:00  1.04547  1.04548  0.0  0.0  0.00022  0.000119  1.04547       0
47  GBP_CHF 2026-03-13 16:02:00+00:00  1.04558  1.04548  0.0  0.0  0.00024  0.000207  1.04558       0
48  GBP_CHF 2026-03-13 16:03:00+00:00  1.04556  1.04557  0.0  0.0  0.00025  0.000171  1.04556       0
49  GBP_CHF 2026-03-13 16:04:00+00:00  1.04532  1.04554  0.0  0.0  0.00025  0.000076  1.04532       0
2026-03-13 12:06:01 process_candles:
       PAIR                      time    mid_c    mid_o   SL   TP   SPREAD      GAIN     LOSS  SIGNAL
45  GBP_CHF 2026-03-13 16:01:00+00:00  1.04547  1.04548  0.0  0.0  0.00022  0.000119  1.04547       0
46  GBP_CHF 2026-03-13 16:02:00+00:00  1.04558  1.04548  0.0  0.0  0.00024  0.000207  1.04558       0
47  GBP_CHF 2026-03-13 16:03:00+00:00  1.04556  1.04557  0.0  0.0  0.00025  0.000171  1.04556       0
48  GBP_CHF 2026-03-13 16:04:00+00:00  1.04532  1.04554  0.0  0.0  0.00025  0.000076  1.04532       0
49  GBP_CHF 2026-03-13 16:05:00+00:00  1.04544  1.04531  0.0  0.0  0.00023  0.000034  1.04544       0
2026-03-13 12:07:01 process_candles:
       PAIR                      time    mid_c    mid_o   SL   TP   SPREAD      GAIN     LOSS  SIGNAL
44  GBP_CHF 2026-03-13 16:02:00+00:00  1.04558  1.04548  0.0  0.0  0.00024  0.000207  1.04558       0
45  GBP_CHF 2026-03-13 16:03:00+00:00  1.04556  1.04557  0.0  0.0  0.00025  0.000171  1.04556       0
46  GBP_CHF 2026-03-13 16:04:00+00:00  1.04532  1.04554  0.0  0.0  0.00025  0.000076  1.04532       0
47  GBP_CHF 2026-03-13 16:05:00+00:00  1.04544  1.04531  0.0  0.0  0.00023  0.000034  1.04544       0
48  GBP_CHF 2026-03-13 16:06:00+00:00  1.04533  1.04546  0.0  0.0  0.00026  0.000091  1.04533       0
2026-03-13 12:08:11 process_candles:
       PAIR                      time    mid_c    mid_o   SL   TP   SPREAD      GAIN     LOSS  SIGNAL
44  GBP_CHF 2026-03-13 16:03:00+00:00  1.04556  1.04557  0.0  0.0  0.00025  0.000171  1.04556       0
45  GBP_CHF 2026-03-13 16:04:00+00:00  1.04532  1.04554  0.0  0.0  0.00025  0.000076  1.04532       0
46  GBP_CHF 2026-03-13 16:05:00+00:00  1.04544  1.04531  0.0  0.0  0.00023  0.000034  1.04544       0
47  GBP_CHF 2026-03-13 16:06:00+00:00  1.04533  1.04546  0.0  0.0  0.00026  0.000091  1.04533       0
48  GBP_CHF 2026-03-13 16:07:00+00:00  1.04546  1.04534  0.0  0.0  0.00025  0.000037  1.04546       0
2026-03-13 12:09:00 process_candles:
       PAIR                      time    mid_c    mid_o   SL   TP   SPREAD      GAIN     LOSS  SIGNAL
45  GBP_CHF 2026-03-13 16:04:00+00:00  1.04532  1.04554  0.0  0.0  0.00025  0.000076  1.04532       0
46  GBP_CHF 2026-03-13 16:05:00+00:00  1.04544  1.04531  0.0  0.0  0.00023  0.000034  1.04544       0
47  GBP_CHF 2026-03-13 16:06:00+00:00  1.04533  1.04546  0.0  0.0  0.00026  0.000091  1.04533       0
48  GBP_CHF 2026-03-13 16:07:00+00:00  1.04546  1.04534  0.0  0.0  0.00025  0.000037  1.04546       0
49  GBP_CHF 2026-03-13 16:08:00+00:00  1.04538  1.04546  0.0  0.0  0.00023  0.000041  1.04538       0
2026-03-13 12:10:02 process_candles:
       PAIR                      time    mid_c    mid_o   SL   TP   SPREAD      GAIN     LOSS  SIGNAL
44  GBP_CHF 2026-03-13 16:05:00+00:00  1.04544  1.04531  0.0  0.0  0.00023  0.000034  1.04544       0
45  GBP_CHF 2026-03-13 16:06:00+00:00  1.04533  1.04546  0.0  0.0  0.00026  0.000091  1.04533       0
46  GBP_CHF 2026-03-13 16:07:00+00:00  1.04546  1.04534  0.0  0.0  0.00025  0.000037  1.04546       0
47  GBP_CHF 2026-03-13 16:08:00+00:00  1.04538  1.04546  0.0  0.0  0.00023  0.000041  1.04538       0
48  GBP_CHF 2026-03-13 16:09:00+00:00  1.04532  1.04538  0.0  0.0  0.00022  0.000099  1.04532       0
2026-03-13 12:11:00 process_candles:
       PAIR                      time    mid_c    mid_o   SL   TP   SPREAD      GAIN     LOSS  SIGNAL
45  GBP_CHF 2026-03-13 16:06:00+00:00  1.04533  1.04546  0.0  0.0  0.00026  0.000091  1.04533       0
46  GBP_CHF 2026-03-13 16:07:00+00:00  1.04546  1.04534  0.0  0.0  0.00025  0.000037  1.04546       0
47  GBP_CHF 2026-03-13 16:08:00+00:00  1.04538  1.04546  0.0  0.0  0.00023  0.000041  1.04538       0
48  GBP_CHF 2026-03-13 16:09:00+00:00  1.04532  1.04538  0.0  0.0  0.00022  0.000099  1.04532       0
49  GBP_CHF 2026-03-13 16:10:00+00:00  1.04531  1.04533  0.0  0.0  0.00024  0.000108  1.04531       0
2026-03-13 12:12:00 process_candles:
       PAIR                      time    mid_c    mid_o   SL   TP   SPREAD      GAIN     LOSS  SIGNAL
45  GBP_CHF 2026-03-13 16:07:00+00:00  1.04546  1.04534  0.0  0.0  0.00025  0.000037  1.04546       0
46  GBP_CHF 2026-03-13 16:08:00+00:00  1.04538  1.04546  0.0  0.0  0.00023  0.000041  1.04538       0
47  GBP_CHF 2026-03-13 16:09:00+00:00  1.04532  1.04538  0.0  0.0  0.00022  0.000099  1.04532       0
48  GBP_CHF 2026-03-13 16:10:00+00:00  1.04531  1.04533  0.0  0.0  0.00024  0.000108  1.04531       0
49  GBP_CHF 2026-03-13 16:11:00+00:00  1.04542  1.04530  0.0  0.0  0.00024  0.000006  1.04542       0
2026-03-13 12:13:00 process_candles:
       PAIR                      time    mid_c    mid_o   SL   TP   SPREAD      GAIN     LOSS  SIGNAL
45  GBP_CHF 2026-03-13 16:08:00+00:00  1.04538  1.04546  0.0  0.0  0.00023  0.000041  1.04538       0
46  GBP_CHF 2026-03-13 16:09:00+00:00  1.04532  1.04538  0.0  0.0  0.00022  0.000099  1.04532       0
47  GBP_CHF 2026-03-13 16:10:00+00:00  1.04531  1.04533  0.0  0.0  0.00024  0.000108  1.04531       0
48  GBP_CHF 2026-03-13 16:11:00+00:00  1.04542  1.04530  0.0  0.0  0.00024  0.000006  1.04542       0
49  GBP_CHF 2026-03-13 16:12:00+00:00  1.04538  1.04542  0.0  0.0  0.00024  0.000057  1.04538       0
2026-03-13 12:14:00 process_candles:
       PAIR                      time    mid_c    mid_o   SL   TP   SPREAD      GAIN     LOSS  SIGNAL
45  GBP_CHF 2026-03-13 16:09:00+00:00  1.04532  1.04538  0.0  0.0  0.00022  0.000099  1.04532       0
46  GBP_CHF 2026-03-13 16:10:00+00:00  1.04531  1.04533  0.0  0.0  0.00024  0.000108  1.04531       0
47  GBP_CHF 2026-03-13 16:11:00+00:00  1.04542  1.04530  0.0  0.0  0.00024  0.000006  1.04542       0
48  GBP_CHF 2026-03-13 16:12:00+00:00  1.04538  1.04542  0.0  0.0  0.00024  0.000057  1.04538       0
49  GBP_CHF 2026-03-13 16:13:00+00:00  1.04524  1.04538  0.0  0.0  0.00021  0.000199  1.04524       0
2026-03-13 12:15:01 process_candles:
       PAIR                      time    mid_c    mid_o   SL   TP   SPREAD      GAIN     LOSS  SIGNAL
45  GBP_CHF 2026-03-13 16:10:00+00:00  1.04531  1.04533  0.0  0.0  0.00024  0.000108  1.04531       0
46  GBP_CHF 2026-03-13 16:11:00+00:00  1.04542  1.04530  0.0  0.0  0.00024  0.000006  1.04542       0
47  GBP_CHF 2026-03-13 16:12:00+00:00  1.04538  1.04542  0.0  0.0  0.00024  0.000057  1.04538       0
48  GBP_CHF 2026-03-13 16:13:00+00:00  1.04524  1.04538  0.0  0.0  0.00021  0.000199  1.04524       0
49  GBP_CHF 2026-03-13 16:14:00+00:00  1.04531  1.04524  0.0  0.0  0.00024  0.000122  1.04531       0
2026-03-13 12:16:00 process_candles:
       PAIR                      time    mid_c    mid_o   SL   TP   SPREAD      GAIN     LOSS  SIGNAL
45  GBP_CHF 2026-03-13 16:11:00+00:00  1.04542  1.04530  0.0  0.0  0.00024  0.000006  1.04542       0
46  GBP_CHF 2026-03-13 16:12:00+00:00  1.04538  1.04542  0.0  0.0  0.00024  0.000057  1.04538       0
47  GBP_CHF 2026-03-13 16:13:00+00:00  1.04524  1.04538  0.0  0.0  0.00021  0.000199  1.04524       0
48  GBP_CHF 2026-03-13 16:14:00+00:00  1.04531  1.04524  0.0  0.0  0.00024  0.000122  1.04531       0
49  GBP_CHF 2026-03-13 16:15:00+00:00  1.04530  1.04530  0.0  0.0  0.00023  0.000123  1.04530       0
2026-03-13 12:17:00 process_candles:
       PAIR                      time    mid_c    mid_o   SL   TP   SPREAD      GAIN     LOSS  SIGNAL
45  GBP_CHF 2026-03-13 16:12:00+00:00  1.04538  1.04542  0.0  0.0  0.00024  0.000057  1.04538       0
46  GBP_CHF 2026-03-13 16:13:00+00:00  1.04524  1.04538  0.0  0.0  0.00021  0.000199  1.04524       0
47  GBP_CHF 2026-03-13 16:14:00+00:00  1.04531  1.04524  0.0  0.0  0.00024  0.000122  1.04531       0
48  GBP_CHF 2026-03-13 16:15:00+00:00  1.04530  1.04530  0.0  0.0  0.00023  0.000123  1.04530       0
49  GBP_CHF 2026-03-13 16:16:00+00:00  1.04530  1.04530  0.0  0.0  0.00023  0.000114  1.04530       0
2026-03-13 12:18:01 process_candles:
       PAIR                      time    mid_c    mid_o   SL   TP   SPREAD      GAIN     LOSS  SIGNAL
45  GBP_CHF 2026-03-13 16:13:00+00:00  1.04524  1.04538  0.0  0.0  0.00021  0.000199  1.04524       0
46  GBP_CHF 2026-03-13 16:14:00+00:00  1.04531  1.04524  0.0  0.0  0.00024  0.000122  1.04531       0
47  GBP_CHF 2026-03-13 16:15:00+00:00  1.04530  1.04530  0.0  0.0  0.00023  0.000123  1.04530       0
48  GBP_CHF 2026-03-13 16:16:00+00:00  1.04530  1.04530  0.0  0.0  0.00023  0.000114  1.04530       0
49  GBP_CHF 2026-03-13 16:17:00+00:00  1.04520  1.04528  0.0  0.0  0.00024  0.000195  1.04520       0
2026-03-13 12:19:00 process_candles:
       PAIR                      time    mid_c    mid_o   SL   TP   SPREAD      GAIN     LOSS  SIGNAL
45  GBP_CHF 2026-03-13 16:14:00+00:00  1.04531  1.04524  0.0  0.0  0.00024  0.000122  1.04531       0
46  GBP_CHF 2026-03-13 16:15:00+00:00  1.04530  1.04530  0.0  0.0  0.00023  0.000123  1.04530       0
47  GBP_CHF 2026-03-13 16:16:00+00:00  1.04530  1.04530  0.0  0.0  0.00023  0.000114  1.04530       0
48  GBP_CHF 2026-03-13 16:17:00+00:00  1.04520  1.04528  0.0  0.0  0.00024  0.000195  1.04520       0
49  GBP_CHF 2026-03-13 16:18:00+00:00  1.04513  1.04520  0.0  0.0  0.00022  0.000247  1.04513       0
2026-03-13 12:20:00 process_candles:
       PAIR                      time    mid_c    mid_o   SL   TP   SPREAD      GAIN     LOSS  SIGNAL
45  GBP_CHF 2026-03-13 16:15:00+00:00  1.04530  1.04530  0.0  0.0  0.00023  0.000123  1.04530       0
46  GBP_CHF 2026-03-13 16:16:00+00:00  1.04530  1.04530  0.0  0.0  0.00023  0.000114  1.04530       0
47  GBP_CHF 2026-03-13 16:17:00+00:00  1.04520  1.04528  0.0  0.0  0.00024  0.000195  1.04520       0
48  GBP_CHF 2026-03-13 16:18:00+00:00  1.04513  1.04520  0.0  0.0  0.00022  0.000247  1.04513       0
49  GBP_CHF 2026-03-13 16:19:00+00:00  1.04506  1.04512  0.0  0.0  0.00022  0.000295  1.04506       0
2026-03-13 12:21:00 process_candles:
       PAIR                      time    mid_c    mid_o   SL   TP   SPREAD      GAIN     LOSS  SIGNAL
45  GBP_CHF 2026-03-13 16:16:00+00:00  1.04530  1.04530  0.0  0.0  0.00023  0.000114  1.04530       0
46  GBP_CHF 2026-03-13 16:17:00+00:00  1.04520  1.04528  0.0  0.0  0.00024  0.000195  1.04520       0
47  GBP_CHF 2026-03-13 16:18:00+00:00  1.04513  1.04520  0.0  0.0  0.00022  0.000247  1.04513       0
48  GBP_CHF 2026-03-13 16:19:00+00:00  1.04506  1.04512  0.0  0.0  0.00022  0.000295  1.04506       0
49  GBP_CHF 2026-03-13 16:20:00+00:00  1.04512  1.04506  0.0  0.0  0.00023  0.000215  1.04512       0
2026-03-13 12:22:00 process_candles:
       PAIR                      time    mid_c    mid_o   SL   TP   SPREAD      GAIN     LOSS  SIGNAL
45  GBP_CHF 2026-03-13 16:17:00+00:00  1.04520  1.04528  0.0  0.0  0.00024  0.000195  1.04520       0
46  GBP_CHF 2026-03-13 16:18:00+00:00  1.04513  1.04520  0.0  0.0  0.00022  0.000247  1.04513       0
47  GBP_CHF 2026-03-13 16:19:00+00:00  1.04506  1.04512  0.0  0.0  0.00022  0.000295  1.04506       0
48  GBP_CHF 2026-03-13 16:20:00+00:00  1.04512  1.04506  0.0  0.0  0.00023  0.000215  1.04512       0
49  GBP_CHF 2026-03-13 16:21:00+00:00  1.04521  1.04514  0.0  0.0  0.00024  0.000111  1.04521       0
2026-03-13 12:23:01 process_candles:
       PAIR                      time    mid_c    mid_o   SL   TP   SPREAD      GAIN     LOSS  SIGNAL
44  GBP_CHF 2026-03-13 16:18:00+00:00  1.04513  1.04520  0.0  0.0  0.00022  0.000247  1.04513       0
45  GBP_CHF 2026-03-13 16:19:00+00:00  1.04506  1.04512  0.0  0.0  0.00022  0.000295  1.04506       0
46  GBP_CHF 2026-03-13 16:20:00+00:00  1.04512  1.04506  0.0  0.0  0.00023  0.000215  1.04512       0
47  GBP_CHF 2026-03-13 16:21:00+00:00  1.04521  1.04514  0.0  0.0  0.00024  0.000111  1.04521       0
48  GBP_CHF 2026-03-13 16:22:00+00:00  1.04516  1.04520  0.0  0.0  0.00022  0.000143  1.04516       0
2026-03-13 12:24:04 process_candles:
       PAIR                      time    mid_c    mid_o   SL   TP   SPREAD      GAIN     LOSS  SIGNAL
44  GBP_CHF 2026-03-13 16:19:00+00:00  1.04506  1.04512  0.0  0.0  0.00022  0.000295  1.04506       0
45  GBP_CHF 2026-03-13 16:20:00+00:00  1.04512  1.04506  0.0  0.0  0.00023  0.000215  1.04512       0
46  GBP_CHF 2026-03-13 16:21:00+00:00  1.04521  1.04514  0.0  0.0  0.00024  0.000111  1.04521       0
47  GBP_CHF 2026-03-13 16:22:00+00:00  1.04516  1.04520  0.0  0.0  0.00022  0.000143  1.04516       0
48  GBP_CHF 2026-03-13 16:23:00+00:00  1.04524  1.04518  0.0  0.0  0.00021  0.000045  1.04524       0
2026-03-13 12:25:02 process_candles:
       PAIR                      time    mid_c    mid_o   SL   TP   SPREAD      GAIN     LOSS  SIGNAL
44  GBP_CHF 2026-03-13 16:20:00+00:00  1.04512  1.04506  0.0  0.0  0.00023  0.000215  1.04512       0
45  GBP_CHF 2026-03-13 16:21:00+00:00  1.04521  1.04514  0.0  0.0  0.00024  0.000111  1.04521       0
46  GBP_CHF 2026-03-13 16:22:00+00:00  1.04516  1.04520  0.0  0.0  0.00022  0.000143  1.04516       0
47  GBP_CHF 2026-03-13 16:23:00+00:00  1.04524  1.04518  0.0  0.0  0.00021  0.000045  1.04524       0
48  GBP_CHF 2026-03-13 16:24:00+00:00  1.04523  1.04524  0.0  0.0  0.00024  0.000046  1.04523       0
2026-03-13 12:26:00 process_candles:
       PAIR                      time    mid_c    mid_o   SL   TP   SPREAD      GAIN     LOSS  SIGNAL
45  GBP_CHF 2026-03-13 16:21:00+00:00  1.04521  1.04514  0.0  0.0  0.00024  0.000111  1.04521       0
46  GBP_CHF 2026-03-13 16:22:00+00:00  1.04516  1.04520  0.0  0.0  0.00022  0.000143  1.04516       0
47  GBP_CHF 2026-03-13 16:23:00+00:00  1.04524  1.04518  0.0  0.0  0.00021  0.000045  1.04524       0
48  GBP_CHF 2026-03-13 16:24:00+00:00  1.04523  1.04524  0.0  0.0  0.00024  0.000046  1.04523       0
49  GBP_CHF 2026-03-13 16:25:00+00:00  1.04521  1.04520  0.0  0.0  0.00024  0.000056  1.04521       0
2026-03-13 12:27:00 process_candles:
       PAIR                      time    mid_c    mid_o   SL   TP   SPREAD      GAIN     LOSS  SIGNAL
45  GBP_CHF 2026-03-13 16:22:00+00:00  1.04516  1.04520  0.0  0.0  0.00022  0.000143  1.04516       0
46  GBP_CHF 2026-03-13 16:23:00+00:00  1.04524  1.04518  0.0  0.0  0.00021  0.000045  1.04524       0
47  GBP_CHF 2026-03-13 16:24:00+00:00  1.04523  1.04524  0.0  0.0  0.00024  0.000046  1.04523       0
48  GBP_CHF 2026-03-13 16:25:00+00:00  1.04521  1.04520  0.0  0.0  0.00024  0.000056  1.04521       0
49  GBP_CHF 2026-03-13 16:26:00+00:00  1.04522  1.04517  0.0  0.0  0.00024  0.000038  1.04522       0
