2026-03-13 12:01:04 Log wrapper init() ./logs/CandleWorker_EUR_GBP.log
2026-03-13 12:01:04 Created CandleWorker for EUR_GBP {'n_ma': 20, 'n_std': 2.0, 'maxspread': 0.0004, 'mingain': 0.0014, 'riskreward': 1.5, 'pair': 'EUR_GBP'}
2026-03-13 12:02:01 process_candles:
       PAIR                      time    mid_c    mid_o   SL   TP   SPREAD      GAIN     LOSS  SIGNAL
44  EUR_GBP 2026-03-13 15:57:00+00:00  0.86436  0.86443  0.0  0.0  0.00015  0.000036  0.86436       0
45  EUR_GBP 2026-03-13 15:58:00+00:00  0.86440  0.86437  0.0  0.0  0.00011  0.000070  0.86440       0
46  EUR_GBP 2026-03-13 15:59:00+00:00  0.86438  0.86440  0.0  0.0  0.00014  0.000047  0.86438       0
47  EUR_GBP 2026-03-13 16:00:00+00:00  0.86444  0.86438  0.0  0.0  0.00014  0.000103  0.86444       0
48  EUR_GBP 2026-03-13 16:01:00+00:00  0.86450  0.86442  0.0  0.0  0.00013  0.000160  0.86450       0
2026-03-13 12:03:01 process_candles:
       PAIR                      time    mid_c    mid_o   SL   TP   SPREAD      GAIN     LOSS  SIGNAL
44  EUR_GBP 2026-03-13 15:58:00+00:00  0.86440  0.86437  0.0  0.0  0.00011  0.000070  0.86440       0
45  EUR_GBP 2026-03-13 15:59:00+00:00  0.86438  0.86440  0.0  0.0  0.00014  0.000047  0.86438       0
46  EUR_GBP 2026-03-13 16:00:00+00:00  0.86444  0.86438  0.0  0.0  0.00014  0.000103  0.86444       0
47  EUR_GBP 2026-03-13 16:01:00+00:00  0.86450  0.86442  0.0  0.0  0.00013  0.000160  0.86450       0
48  EUR_GBP 2026-03-13 16:02:00+00:00  0.86440  0.86451  0.0  0.0  0.00012  0.000058  0.86440       0
2026-03-13 12:04:02 process_candles:
       PAIR                      time    mid_c    mid_o   SL   TP   SPREAD      GAIN     LOSS  SIGNAL
44  EUR_GBP 2026-03-13 15:59:00+00:00  0.86438  0.86440  0.0  0.0  0.00014  0.000047  0.86438       0
45  EUR_GBP 2026-03-13 16:00:00+00:00  0.86444  0.86438  0.0  0.0  0.00014  0.000103  0.86444       0
46  EUR_GBP 2026-03-13 16:01:00+00:00  0.86450  0.86442  0.0  0.0  0.00013  0.000160  0.86450       0
47  EUR_GBP 2026-03-13 16:02:00+00:00  0.86440  0.86451  0.0  0.0  0.00012  0.000058  0.86440       0
48  EUR_GBP 2026-03-13 16:03:00+00:00  0.86437  0.86440  0.0  0.0  0.00014  0.000023  0.86437       0
2026-03-13 12:05:01 process_candles:
       PAIR                      time    mid_c    mid_o   SL   TP   SPREAD      GAIN     LOSS  SIGNAL
44  EUR_GBP 2026-03-13 16:00:00+00:00  0.86444  0.86438  0.0  0.0  0.00014  0.000103  0.86444       0
45  EUR_GBP 2026-03-13 16:01:00+00:00  0.86450  0.86442  0.0  0.0  0.00013  0.000160  0.86450       0
46  EUR_GBP 2026-03-13 16:02:00+00:00  0.86440  0.86451  0.0  0.0  0.00012  0.000058  0.86440       0
47  EUR_GBP 2026-03-13 16:03:00+00:00  0.86437  0.86440  0.0  0.0  0.00014  0.000023  0.86437       0
48  EUR_GBP 2026-03-13 16:04:00+00:00  0.86448  0.86438  0.0  0.0  0.00014  0.000120  0.86448       0
2026-03-13 12:06:01 process_candles:
       PAIR                      time    mid_c    mid_o   SL   TP   SPREAD      GAIN     LOSS  SIGNAL
44  EUR_GBP 2026-03-13 16:01:00+00:00  0.86450  0.86442  0.0  0.0  0.00013  0.000160  0.86450       0
45  EUR_GBP 2026-03-13 16:02:00+00:00  0.86440  0.86451  0.0  0.0  0.00012  0.000058  0.86440       0
46  EUR_GBP 2026-03-13 16:03:00+00:00  0.86437  0.86440  0.0  0.0  0.00014  0.000023  0.86437       0
47  EUR_GBP 2026-03-13 16:04:00+00:00  0.86448  0.86438  0.0  0.0  0.00014  0.000121  0.86448       0
48  EUR_GBP 2026-03-13 16:05:00+00:00  0.86448  0.86449  0.0  0.0  0.00014  0.000109  0.86448       0
2026-03-13 12:07:01 process_candles:
       PAIR                      time    mid_c    mid_o   SL   TP   SPREAD      GAIN     LOSS  SIGNAL
44  EUR_GBP 2026-03-13 16:02:00+00:00  0.86440  0.86451  0.0  0.0  0.00012  0.000058  0.86440       0
45  EUR_GBP 2026-03-13 16:03:00+00:00  0.86437  0.86440  0.0  0.0  0.00014  0.000023  0.86437       0
46  EUR_GBP 2026-03-13 16:04:00+00:00  0.86448  0.86438  0.0  0.0  0.00014  0.000120  0.86448       0
47  EUR_GBP 2026-03-13 16:05:00+00:00  0.86448  0.86449  0.0  0.0  0.00014  0.000109  0.86448       0
48  EUR_GBP 2026-03-13 16:06:00+00:00  0.86450  0.86450  0.0  0.0  0.00014  0.000119  0.86450       0
2026-03-13 12:08:01 process_candles:
       PAIR                      time    mid_c    mid_o   SL   TP   SPREAD      GAIN     LOSS  SIGNAL
44  EUR_GBP 2026-03-13 16:03:00+00:00  0.86437  0.86440  0.0  0.0  0.00014  0.000023  0.86437       0
45  EUR_GBP 2026-03-13 16:04:00+00:00  0.86448  0.86438  0.0  0.0  0.00014  0.000121  0.86448       0
46  EUR_GBP 2026-03-13 16:05:00+00:00  0.86448  0.86449  0.0  0.0  0.00014  0.000109  0.86448       0
47  EUR_GBP 2026-03-13 16:06:00+00:00  0.86450  0.86450  0.0  0.0  0.00014  0.000119  0.86450       0
48  EUR_GBP 2026-03-13 16:07:00+00:00  0.86436  0.86450  0.0  0.0  0.00014  0.000028  0.86436       0
2026-03-13 12:09:00 process_candles:
       PAIR                      time    mid_c    mid_o   SL   TP   SPREAD      GAIN     LOSS  SIGNAL
45  EUR_GBP 2026-03-13 16:04:00+00:00  0.86448  0.86438  0.0  0.0  0.00014  0.000121  0.86448       0
46  EUR_GBP 2026-03-13 16:05:00+00:00  0.86448  0.86449  0.0  0.0  0.00014  0.000109  0.86448       0
47  EUR_GBP 2026-03-13 16:06:00+00:00  0.86450  0.86450  0.0  0.0  0.00014  0.000119  0.86450       0
48  EUR_GBP 2026-03-13 16:07:00+00:00  0.86436  0.86450  0.0  0.0  0.00014  0.000028  0.86436       0
49  EUR_GBP 2026-03-13 16:08:00+00:00  0.86442  0.86438  0.0  0.0  0.00015  0.000024  0.86442       0
2026-03-13 12:10:00 process_candles:
       PAIR                      time    mid_c    mid_o   SL   TP   SPREAD      GAIN     LOSS  SIGNAL
45  EUR_GBP 2026-03-13 16:05:00+00:00  0.86448  0.86449  0.0  0.0  0.00014  0.000109  0.86448       0
46  EUR_GBP 2026-03-13 16:06:00+00:00  0.86450  0.86450  0.0  0.0  0.00014  0.000119  0.86450       0
47  EUR_GBP 2026-03-13 16:07:00+00:00  0.86436  0.86450  0.0  0.0  0.00014  0.000028  0.86436       0
48  EUR_GBP 2026-03-13 16:08:00+00:00  0.86442  0.86438  0.0  0.0  0.00015  0.000024  0.86442       0
49  EUR_GBP 2026-03-13 16:09:00+00:00  0.86445  0.86442  0.0  0.0  0.00014  0.000044  0.86445       0
2026-03-13 12:11:01 process_candles:
       PAIR                      time    mid_c    mid_o   SL   TP   SPREAD      GAIN     LOSS  SIGNAL
44  EUR_GBP 2026-03-13 16:06:00+00:00  0.86450  0.86450  0.0  0.0  0.00014  0.000119  0.86450       0
45  EUR_GBP 2026-03-13 16:07:00+00:00  0.86436  0.86450  0.0  0.0  0.00014  0.000028  0.86436       0
46  EUR_GBP 2026-03-13 16:08:00+00:00  0.86442  0.86438  0.0  0.0  0.00015  0.000024  0.86442       0
47  EUR_GBP 2026-03-13 16:09:00+00:00  0.86445  0.86442  0.0  0.0  0.00014  0.000044  0.86445       0
48  EUR_GBP 2026-03-13 16:10:00+00:00  0.86441  0.86444  0.0  0.0  0.00014  0.000002  0.86441       0
2026-03-13 12:12:02 process_candles:
       PAIR                      time    mid_c    mid_o   SL   TP   SPREAD      GAIN     LOSS  SIGNAL
44  EUR_GBP 2026-03-13 16:07:00+00:00  0.86436  0.86450  0.0  0.0  0.00014  0.000028  0.86436       0
45  EUR_GBP 2026-03-13 16:08:00+00:00  0.86442  0.86438  0.0  0.0  0.00015  0.000024  0.86442       0
46  EUR_GBP 2026-03-13 16:09:00+00:00  0.86445  0.86442  0.0  0.0  0.00014  0.000044  0.86445       0
47  EUR_GBP 2026-03-13 16:10:00+00:00  0.86441  0.86444  0.0  0.0  0.00014  0.000002  0.86441       0
48  EUR_GBP 2026-03-13 16:11:00+00:00  0.86438  0.86444  0.0  0.0  0.00015  0.000036  0.86438       0
2026-03-13 12:13:01 process_candles:
       PAIR                      time    mid_c    mid_o   SL   TP   SPREAD      GAIN     LOSS  SIGNAL
45  EUR_GBP 2026-03-13 16:08:00+00:00  0.86442  0.86438  0.0  0.0  0.00015  0.000024  0.86442       0
46  EUR_GBP 2026-03-13 16:09:00+00:00  0.86445  0.86442  0.0  0.0  0.00014  0.000044  0.86445       0
47  EUR_GBP 2026-03-13 16:10:00+00:00  0.86441  0.86444  0.0  0.0  0.00014  0.000002  0.86441       0
48  EUR_GBP 2026-03-13 16:11:00+00:00  0.86438  0.86444  0.0  0.0  0.00015  0.000036  0.86438       0
49  EUR_GBP 2026-03-13 16:12:00+00:00  0.86441  0.86434  0.0  0.0  0.00014  0.000006  0.86441       0
2026-03-13 12:14:01 process_candles:
       PAIR                      time    mid_c    mid_o   SL   TP   SPREAD      GAIN     LOSS  SIGNAL
45  EUR_GBP 2026-03-13 16:09:00+00:00  0.86445  0.86442  0.0  0.0  0.00014  0.000044  0.86445       0
46  EUR_GBP 2026-03-13 16:10:00+00:00  0.86441  0.86444  0.0  0.0  0.00014  0.000002  0.86441       0
47  EUR_GBP 2026-03-13 16:11:00+00:00  0.86438  0.86444  0.0  0.0  0.00015  0.000036  0.86438       0
48  EUR_GBP 2026-03-13 16:12:00+00:00  0.86441  0.86434  0.0  0.0  0.00014  0.000006  0.86441       0
49  EUR_GBP 2026-03-13 16:13:00+00:00  0.86442  0.86440  0.0  0.0  0.00016  0.000005  0.86442       0
2026-03-13 12:15:01 process_candles:
       PAIR                      time    mid_c    mid_o   SL   TP   SPREAD      GAIN     LOSS  SIGNAL
45  EUR_GBP 2026-03-13 16:10:00+00:00  0.86441  0.86444  0.0  0.0  0.00014  0.000002  0.86441       0
46  EUR_GBP 2026-03-13 16:11:00+00:00  0.86438  0.86444  0.0  0.0  0.00015  0.000036  0.86438       0
47  EUR_GBP 2026-03-13 16:12:00+00:00  0.86441  0.86434  0.0  0.0  0.00014  0.000006  0.86441       0
48  EUR_GBP 2026-03-13 16:13:00+00:00  0.86442  0.86440  0.0  0.0  0.00016  0.000005  0.86442       0
49  EUR_GBP 2026-03-13 16:14:00+00:00  0.86440  0.86441  0.0  0.0  0.00013  0.000016  0.86440       0
2026-03-13 12:16:00 process_candles:
       PAIR                      time    mid_c    mid_o   SL   TP   SPREAD      GAIN     LOSS  SIGNAL
45  EUR_GBP 2026-03-13 16:11:00+00:00  0.86438  0.86444  0.0  0.0  0.00015  0.000036  0.86438       0
46  EUR_GBP 2026-03-13 16:12:00+00:00  0.86441  0.86434  0.0  0.0  0.00014  0.000006  0.86441       0
47  EUR_GBP 2026-03-13 16:13:00+00:00  0.86442  0.86440  0.0  0.0  0.00016  0.000005  0.86442       0
48  EUR_GBP 2026-03-13 16:14:00+00:00  0.86440  0.86441  0.0  0.0  0.00013  0.000016  0.86440       0
49  EUR_GBP 2026-03-13 16:15:00+00:00  0.86441  0.86438  0.0  0.0  0.00014  0.000007  0.86441       0
2026-03-13 12:17:01 process_candles:
       PAIR                      time    mid_c    mid_o   SL   TP   SPREAD      GAIN     LOSS  SIGNAL
44  EUR_GBP 2026-03-13 16:12:00+00:00  0.86441  0.86434  0.0  0.0  0.00014  0.000006  0.86441       0
45  EUR_GBP 2026-03-13 16:13:00+00:00  0.86442  0.86440  0.0  0.0  0.00016  0.000005  0.86442       0
46  EUR_GBP 2026-03-13 16:14:00+00:00  0.86440  0.86441  0.0  0.0  0.00013  0.000016  0.86440       0
47  EUR_GBP 2026-03-13 16:15:00+00:00  0.86441  0.86438  0.0  0.0  0.00014  0.000007  0.86441       0
48  EUR_GBP 2026-03-13 16:16:00+00:00  0.86444  0.86442  0.0  0.0  0.00014  0.000022  0.86444       0
2026-03-13 12:18:03 process_candles:
       PAIR                      time    mid_c    mid_o   SL   TP   SPREAD      GAIN     LOSS  SIGNAL
44  EUR_GBP 2026-03-13 16:13:00+00:00  0.86442  0.86440  0.0  0.0  0.00016  0.000005  0.86442       0
45  EUR_GBP 2026-03-13 16:14:00+00:00  0.86440  0.86441  0.0  0.0  0.00013  0.000016  0.86440       0
46  EUR_GBP 2026-03-13 16:15:00+00:00  0.86441  0.86438  0.0  0.0  0.00014  0.000007  0.86441       0
47  EUR_GBP 2026-03-13 16:16:00+00:00  0.86444  0.86442  0.0  0.0  0.00014  0.000022  0.86444       0
48  EUR_GBP 2026-03-13 16:17:00+00:00  0.86436  0.86446  0.0  0.0  0.00015  0.000063  0.86436       0
2026-03-13 12:19:00 process_candles:
       PAIR                      time    mid_c    mid_o   SL   TP   SPREAD      GAIN     LOSS  SIGNAL
45  EUR_GBP 2026-03-13 16:14:00+00:00  0.86440  0.86441  0.0  0.0  0.00013  0.000016  0.86440       0
46  EUR_GBP 2026-03-13 16:15:00+00:00  0.86441  0.86438  0.0  0.0  0.00014  0.000007  0.86441       0
47  EUR_GBP 2026-03-13 16:16:00+00:00  0.86444  0.86442  0.0  0.0  0.00014  0.000022  0.86444       0
48  EUR_GBP 2026-03-13 16:17:00+00:00  0.86436  0.86446  0.0  0.0  0.00015  0.000063  0.86436       0
49  EUR_GBP 2026-03-13 16:18:00+00:00  0.86431  0.86438  0.0  0.0  0.00016  0.000109  0.86431       0
2026-03-13 12:20:01 process_candles:
       PAIR                      time    mid_c    mid_o   SL   TP   SPREAD      GAIN     LOSS  SIGNAL
45  EUR_GBP 2026-03-13 16:15:00+00:00  0.86441  0.86438  0.0  0.0  0.00014  0.000007  0.86441       0
46  EUR_GBP 2026-03-13 16:16:00+00:00  0.86444  0.86442  0.0  0.0  0.00014  0.000022  0.86444       0
47  EUR_GBP 2026-03-13 16:17:00+00:00  0.86436  0.86446  0.0  0.0  0.00015  0.000063  0.86436       0
48  EUR_GBP 2026-03-13 16:18:00+00:00  0.86431  0.86438  0.0  0.0  0.00016  0.000109  0.86431       0
49  EUR_GBP 2026-03-13 16:19:00+00:00  0.86440  0.86431  0.0  0.0  0.00014  0.000017  0.86440       0
2026-03-13 12:21:01 process_candles:
       PAIR                      time    mid_c    mid_o   SL   TP   SPREAD      GAIN     LOSS  SIGNAL
44  EUR_GBP 2026-03-13 16:16:00+00:00  0.86444  0.86442  0.0  0.0  0.00014  0.000022  0.86444       0
45  EUR_GBP 2026-03-13 16:17:00+00:00  0.86436  0.86446  0.0  0.0  0.00015  0.000063  0.86436       0
46  EUR_GBP 2026-03-13 16:18:00+00:00  0.86431  0.86438  0.0  0.0  0.00016  0.000109  0.86431       0
47  EUR_GBP 2026-03-13 16:19:00+00:00  0.86440  0.86431  0.0  0.0  0.00014  0.000017  0.86440       0
48  EUR_GBP 2026-03-13 16:20:00+00:00  0.86438  0.86440  0.0  0.0  0.00014  0.000034  0.86438       0
2026-03-13 12:22:02 process_candles:
       PAIR                      time    mid_c    mid_o   SL   TP   SPREAD      GAIN     LOSS  SIGNAL
44  EUR_GBP 2026-03-13 16:17:00+00:00  0.86436  0.86446  0.0  0.0  0.00015  0.000063  0.86436       0
45  EUR_GBP 2026-03-13 16:18:00+00:00  0.86431  0.86438  0.0  0.0  0.00016  0.000109  0.86431       0
46  EUR_GBP 2026-03-13 16:19:00+00:00  0.86440  0.86431  0.0  0.0  0.00014  0.000017  0.86440       0
47  EUR_GBP 2026-03-13 16:20:00+00:00  0.86438  0.86440  0.0  0.0  0.00014  0.000034  0.86438       0
48  EUR_GBP 2026-03-13 16:21:00+00:00  0.86432  0.86440  0.0  0.0  0.00015  0.000087  0.86432       0
2026-03-13 12:23:01 process_candles:
       PAIR                      time    mid_c    mid_o   SL   TP   SPREAD      GAIN     LOSS  SIGNAL
45  EUR_GBP 2026-03-13 16:18:00+00:00  0.86431  0.86438  0.0  0.0  0.00016  0.000109  0.86431       0
46  EUR_GBP 2026-03-13 16:19:00+00:00  0.86440  0.86431  0.0  0.0  0.00014  0.000017  0.86440       0
47  EUR_GBP 2026-03-13 16:20:00+00:00  0.86438  0.86440  0.0  0.0  0.00014  0.000034  0.86438       0
48  EUR_GBP 2026-03-13 16:21:00+00:00  0.86432  0.86440  0.0  0.0  0.00015  0.000087  0.86432       0
49  EUR_GBP 2026-03-13 16:22:00+00:00  0.86427  0.86430  0.0  0.0  0.00016  0.000130  0.86427       0
2026-03-13 12:24:02 process_candles:
       PAIR                      time    mid_c    mid_o   SL   TP   SPREAD      GAIN     LOSS  SIGNAL
44  EUR_GBP 2026-03-13 16:19:00+00:00  0.86440  0.86431  0.0  0.0  0.00014  0.000017  0.86440       0
45  EUR_GBP 2026-03-13 16:20:00+00:00  0.86438  0.86440  0.0  0.0  0.00014  0.000034  0.86438       0
46  EUR_GBP 2026-03-13 16:21:00+00:00  0.86432  0.86440  0.0  0.0  0.00015  0.000087  0.86432       0
47  EUR_GBP 2026-03-13 16:22:00+00:00  0.86427  0.86430  0.0  0.0  0.00016  0.000130  0.86427       0
48  EUR_GBP 2026-03-13 16:23:00+00:00  0.86422  0.86428  0.0  0.0  0.00016  0.000173  0.86422       0
2026-03-13 12:25:01 process_candles:
       PAIR                      time    mid_c    mid_o   SL   TP   SPREAD      GAIN     LOSS  SIGNAL
44  EUR_GBP 2026-03-13 16:20:00+00:00  0.86438  0.86440  0.0  0.0  0.00014  0.000034  0.86438       0
45  EUR_GBP 2026-03-13 16:21:00+00:00  0.86432  0.86440  0.0  0.0  0.00015  0.000087  0.86432       0
46  EUR_GBP 2026-03-13 16:22:00+00:00  0.86427  0.86430  0.0  0.0  0.00016  0.000130  0.86427       0
47  EUR_GBP 2026-03-13 16:23:00+00:00  0.86422  0.86428  0.0  0.0  0.00016  0.000173  0.86422       0
48  EUR_GBP 2026-03-13 16:24:00+00:00  0.86426  0.86424  0.0  0.0  0.00015  0.000124  0.86426       0
2026-03-13 12:26:00 process_candles:
       PAIR                      time    mid_c    mid_o   SL   TP   SPREAD      GAIN     LOSS  SIGNAL
45  EUR_GBP 2026-03-13 16:21:00+00:00  0.86432  0.86440  0.0  0.0  0.00015  0.000087  0.86432       0
46  EUR_GBP 2026-03-13 16:22:00+00:00  0.86427  0.86430  0.0  0.0  0.00016  0.000130  0.86427       0
47  EUR_GBP 2026-03-13 16:23:00+00:00  0.86422  0.86428  0.0  0.0  0.00016  0.000173  0.86422       0
48  EUR_GBP 2026-03-13 16:24:00+00:00  0.86426  0.86424  0.0  0.0  0.00015  0.000124  0.86426       0
49  EUR_GBP 2026-03-13 16:25:00+00:00  0.86429  0.86429  0.0  0.0  0.00014  0.000084  0.86429       0
2026-03-13 12:27:00 process_candles:
       PAIR                      time    mid_c    mid_o   SL   TP   SPREAD      GAIN     LOSS  SIGNAL
45  EUR_GBP 2026-03-13 16:22:00+00:00  0.86427  0.86430  0.0  0.0  0.00016  0.000130  0.86427       0
46  EUR_GBP 2026-03-13 16:23:00+00:00  0.86422  0.86428  0.0  0.0  0.00016  0.000173  0.86422       0
47  EUR_GBP 2026-03-13 16:24:00+00:00  0.86426  0.86424  0.0  0.0  0.00015  0.000124  0.86426       0
48  EUR_GBP 2026-03-13 16:25:00+00:00  0.86429  0.86429  0.0  0.0  0.00014  0.000084  0.86429       0
49  EUR_GBP 2026-03-13 16:26:00+00:00  0.86428  0.86428  0.0  0.0  0.00014  0.000083  0.86428       0
