2026-03-13 12:01:04 Log wrapper init() ./logs/CandleWorker_EUR_USD.log
2026-03-13 12:01:04 Created CandleWorker for EUR_USD {'n_ma': 20, 'n_std': 2.0, 'maxspread': 0.0004, 'mingain': 0.0014, 'riskreward': 1.5, 'pair': 'EUR_USD'}
2026-03-13 12:02:01 process_candles:
       PAIR                      time    mid_c    mid_o   SL   TP   SPREAD      GAIN     LOSS  SIGNAL
45  EUR_USD 2026-03-13 15:57:00+00:00  1.14434  1.14423  0.0  0.0  0.00016  0.000156  1.14434       0
46  EUR_USD 2026-03-13 15:58:00+00:00  1.14433  1.14434  0.0  0.0  0.00014  0.000148  1.14433       0
47  EUR_USD 2026-03-13 15:59:00+00:00  1.14431  1.14432  0.0  0.0  0.00016  0.000126  1.14431       0
48  EUR_USD 2026-03-13 16:00:00+00:00  1.14422  1.14432  0.0  0.0  0.00016  0.000037  1.14422       0
49  EUR_USD 2026-03-13 16:01:00+00:00  1.14438  1.14422  0.0  0.0  0.00016  0.000193  1.14438       0
2026-03-13 12:03:00 process_candles:
       PAIR                      time    mid_c    mid_o   SL   TP   SPREAD      GAIN     LOSS  SIGNAL
45  EUR_USD 2026-03-13 15:58:00+00:00  1.14433  1.14434  0.0  0.0  0.00014  0.000148  1.14433       0
46  EUR_USD 2026-03-13 15:59:00+00:00  1.14431  1.14432  0.0  0.0  0.00016  0.000126  1.14431       0
47  EUR_USD 2026-03-13 16:00:00+00:00  1.14422  1.14432  0.0  0.0  0.00016  0.000037  1.14422       0
48  EUR_USD 2026-03-13 16:01:00+00:00  1.14438  1.14422  0.0  0.0  0.00016  0.000193  1.14438       0
49  EUR_USD 2026-03-13 16:02:00+00:00  1.14427  1.14440  0.0  0.0  0.00016  0.000073  1.14427       0
2026-03-13 12:04:01 process_candles:
       PAIR                      time    mid_c    mid_o   SL   TP   SPREAD      GAIN     LOSS  SIGNAL
44  EUR_USD 2026-03-13 15:59:00+00:00  1.14431  1.14432  0.0  0.0  0.00016  0.000126  1.14431       0
45  EUR_USD 2026-03-13 16:00:00+00:00  1.14422  1.14432  0.0  0.0  0.00016  0.000037  1.14422       0
46  EUR_USD 2026-03-13 16:01:00+00:00  1.14438  1.14422  0.0  0.0  0.00016  0.000193  1.14438       0
47  EUR_USD 2026-03-13 16:02:00+00:00  1.14427  1.14440  0.0  0.0  0.00016  0.000073  1.14427       0
48  EUR_USD 2026-03-13 16:03:00+00:00  1.14475  1.14428  0.0  0.0  0.00016  0.000512  1.14475       0
2026-03-13 12:05:01 process_candles:
       PAIR                      time    mid_c    mid_o   SL   TP   SPREAD      GAIN     LOSS  SIGNAL
44  EUR_USD 2026-03-13 16:00:00+00:00  1.14422  1.14432  0.0  0.0  0.00016  0.000037  1.14422       0
45  EUR_USD 2026-03-13 16:01:00+00:00  1.14438  1.14422  0.0  0.0  0.00016  0.000193  1.14438       0
46  EUR_USD 2026-03-13 16:02:00+00:00  1.14427  1.14440  0.0  0.0  0.00016  0.000073  1.14427       0
47  EUR_USD 2026-03-13 16:03:00+00:00  1.14475  1.14428  0.0  0.0  0.00016  0.000512  1.14475       0
48  EUR_USD 2026-03-13 16:04:00+00:00  1.14468  1.14476  0.0  0.0  0.00017  0.000384  1.14468       0
2026-03-13 12:06:01 process_candles:
       PAIR                      time    mid_c    mid_o   SL   TP   SPREAD      GAIN     LOSS  SIGNAL
45  EUR_USD 2026-03-13 16:01:00+00:00  1.14438  1.14422  0.0  0.0  0.00016  0.000193  1.14438       0
46  EUR_USD 2026-03-13 16:02:00+00:00  1.14427  1.14440  0.0  0.0  0.00016  0.000073  1.14427       0
47  EUR_USD 2026-03-13 16:03:00+00:00  1.14475  1.14428  0.0  0.0  0.00016  0.000512  1.14475       0
48  EUR_USD 2026-03-13 16:04:00+00:00  1.14468  1.14476  0.0  0.0  0.00017  0.000384  1.14468       0
49  EUR_USD 2026-03-13 16:05:00+00:00  1.14472  1.14468  0.0  0.0  0.00016  0.000383  1.14472       0
2026-03-13 12:07:01 process_candles:
       PAIR                      time    mid_c    mid_o   SL   TP   SPREAD      GAIN     LOSS  SIGNAL
45  EUR_USD 2026-03-13 16:02:00+00:00  1.14427  1.14440  0.0  0.0  0.00016  0.000073  1.14427       0
46  EUR_USD 2026-03-13 16:03:00+00:00  1.14475  1.14428  0.0  0.0  0.00016  0.000512  1.14475       0
47  EUR_USD 2026-03-13 16:04:00+00:00  1.14468  1.14476  0.0  0.0  0.00017  0.000384  1.14468       0
48  EUR_USD 2026-03-13 16:05:00+00:00  1.14472  1.14468  0.0  0.0  0.00016  0.000383  1.14472       0
49  EUR_USD 2026-03-13 16:06:00+00:00  1.14480  1.14472  0.0  0.0  0.00016  0.000418  1.14480       0
2026-03-13 12:08:01 process_candles:
       PAIR                      time    mid_c    mid_o   SL   TP   SPREAD      GAIN     LOSS  SIGNAL
44  EUR_USD 2026-03-13 16:03:00+00:00  1.14475  1.14428  0.0  0.0  0.00016  0.000512  1.14475       0
45  EUR_USD 2026-03-13 16:04:00+00:00  1.14468  1.14476  0.0  0.0  0.00017  0.000384  1.14468       0
46  EUR_USD 2026-03-13 16:05:00+00:00  1.14472  1.14468  0.0  0.0  0.00016  0.000383  1.14472       0
47  EUR_USD 2026-03-13 16:06:00+00:00  1.14480  1.14472  0.0  0.0  0.00016  0.000418  1.14480       0
48  EUR_USD 2026-03-13 16:07:00+00:00  1.14482  1.14479  0.0  0.0  0.00017  0.000433  1.14482       0
2026-03-13 12:09:00 process_candles:
       PAIR                      time    mid_c    mid_o   SL   TP   SPREAD      GAIN     LOSS  SIGNAL
45  EUR_USD 2026-03-13 16:04:00+00:00  1.14468  1.14476  0.0  0.0  0.00017  0.000384  1.14468       0
46  EUR_USD 2026-03-13 16:05:00+00:00  1.14472  1.14468  0.0  0.0  0.00016  0.000383  1.14472       0
47  EUR_USD 2026-03-13 16:06:00+00:00  1.14480  1.14472  0.0  0.0  0.00016  0.000418  1.14480       0
48  EUR_USD 2026-03-13 16:07:00+00:00  1.14482  1.14479  0.0  0.0  0.00017  0.000433  1.14482       0
49  EUR_USD 2026-03-13 16:08:00+00:00  1.14462  1.14482  0.0  0.0  0.00016  0.000237  1.14462       0
2026-03-13 12:10:02 process_candles:
       PAIR                      time    mid_c    mid_o   SL   TP   SPREAD      GAIN     LOSS  SIGNAL
44  EUR_USD 2026-03-13 16:05:00+00:00  1.14472  1.14468  0.0  0.0  0.00016  0.000383  1.14472       0
45  EUR_USD 2026-03-13 16:06:00+00:00  1.14480  1.14472  0.0  0.0  0.00016  0.000418  1.14480       0
46  EUR_USD 2026-03-13 16:07:00+00:00  1.14482  1.14479  0.0  0.0  0.00017  0.000433  1.14482       0
47  EUR_USD 2026-03-13 16:08:00+00:00  1.14462  1.14482  0.0  0.0  0.00016  0.000237  1.14462       0
48  EUR_USD 2026-03-13 16:09:00+00:00  1.14470  1.14460  0.0  0.0  0.00017  0.000309  1.14470       0
2026-03-13 12:11:01 process_candles:
       PAIR                      time    mid_c    mid_o   SL   TP   SPREAD      GAIN     LOSS  SIGNAL
44  EUR_USD 2026-03-13 16:06:00+00:00  1.14480  1.14472  0.0  0.0  0.00016  0.000418  1.14480       0
45  EUR_USD 2026-03-13 16:07:00+00:00  1.14482  1.14479  0.0  0.0  0.00017  0.000433  1.14482       0
46  EUR_USD 2026-03-13 16:08:00+00:00  1.14462  1.14482  0.0  0.0  0.00016  0.000237  1.14462       0
47  EUR_USD 2026-03-13 16:09:00+00:00  1.14470  1.14460  0.0  0.0  0.00017  0.000309  1.14470       0
48  EUR_USD 2026-03-13 16:10:00+00:00  1.14460  1.14468  0.0  0.0  0.00016  0.000189  1.14460       0
2026-03-13 12:12:01 process_candles:
       PAIR                      time    mid_c    mid_o   SL   TP   SPREAD      GAIN     LOSS  SIGNAL
44  EUR_USD 2026-03-13 16:07:00+00:00  1.14482  1.14479  0.0  0.0  0.00017  0.000433  1.14482       0
45  EUR_USD 2026-03-13 16:08:00+00:00  1.14462  1.14482  0.0  0.0  0.00016  0.000237  1.14462       0
46  EUR_USD 2026-03-13 16:09:00+00:00  1.14470  1.14460  0.0  0.0  0.00017  0.000309  1.14470       0
47  EUR_USD 2026-03-13 16:10:00+00:00  1.14460  1.14468  0.0  0.0  0.00016  0.000189  1.14460       0
48  EUR_USD 2026-03-13 16:11:00+00:00  1.14474  1.14460  0.0  0.0  0.00015  0.000300  1.14474       0
2026-03-13 12:13:00 process_candles:
       PAIR                      time    mid_c    mid_o   SL   TP   SPREAD      GAIN     LOSS  SIGNAL
45  EUR_USD 2026-03-13 16:08:00+00:00  1.14462  1.14482  0.0  0.0  0.00016  0.000237  1.14462       0
46  EUR_USD 2026-03-13 16:09:00+00:00  1.14470  1.14460  0.0  0.0  0.00017  0.000309  1.14470       0
47  EUR_USD 2026-03-13 16:10:00+00:00  1.14460  1.14468  0.0  0.0  0.00016  0.000189  1.14460       0
48  EUR_USD 2026-03-13 16:11:00+00:00  1.14474  1.14460  0.0  0.0  0.00015  0.000300  1.14474       0
49  EUR_USD 2026-03-13 16:12:00+00:00  1.14456  1.14474  0.0  0.0  0.00017  0.000086  1.14456       0
2026-03-13 12:14:00 process_candles:
       PAIR                      time    mid_c    mid_o   SL   TP   SPREAD      GAIN     LOSS  SIGNAL
45  EUR_USD 2026-03-13 16:09:00+00:00  1.14470  1.14460  0.0  0.0  0.00017  0.000309  1.14470       0
46  EUR_USD 2026-03-13 16:10:00+00:00  1.14460  1.14468  0.0  0.0  0.00016  0.000189  1.14460       0
47  EUR_USD 2026-03-13 16:11:00+00:00  1.14474  1.14460  0.0  0.0  0.00015  0.000300  1.14474       0
48  EUR_USD 2026-03-13 16:12:00+00:00  1.14456  1.14474  0.0  0.0  0.00017  0.000086  1.14456       0
49  EUR_USD 2026-03-13 16:13:00+00:00  1.14417  1.14457  0.0  0.0  0.00016  0.000314  1.14417       0
2026-03-13 12:15:00 process_candles:
       PAIR                      time    mid_c    mid_o   SL   TP   SPREAD      GAIN     LOSS  SIGNAL
45  EUR_USD 2026-03-13 16:10:00+00:00  1.14460  1.14468  0.0  0.0  0.00016  0.000189  1.14460       0
46  EUR_USD 2026-03-13 16:11:00+00:00  1.14474  1.14460  0.0  0.0  0.00015  0.000300  1.14474       0
47  EUR_USD 2026-03-13 16:12:00+00:00  1.14456  1.14474  0.0  0.0  0.00017  0.000086  1.14456       0
48  EUR_USD 2026-03-13 16:13:00+00:00  1.14417  1.14457  0.0  0.0  0.00016  0.000314  1.14417       0
49  EUR_USD 2026-03-13 16:14:00+00:00  1.14435  1.14416  0.0  0.0  0.00016  0.000139  1.14435       0
2026-03-13 12:16:00 process_candles:
       PAIR                      time    mid_c    mid_o   SL   TP   SPREAD      GAIN     LOSS  SIGNAL
45  EUR_USD 2026-03-13 16:11:00+00:00  1.14474  1.14460  0.0  0.0  0.00015  0.000300  1.14474       0
46  EUR_USD 2026-03-13 16:12:00+00:00  1.14456  1.14474  0.0  0.0  0.00017  0.000086  1.14456       0
47  EUR_USD 2026-03-13 16:13:00+00:00  1.14417  1.14457  0.0  0.0  0.00016  0.000314  1.14417       0
48  EUR_USD 2026-03-13 16:14:00+00:00  1.14435  1.14416  0.0  0.0  0.00016  0.000139  1.14435       0
49  EUR_USD 2026-03-13 16:15:00+00:00  1.14428  1.14436  0.0  0.0  0.00015  0.000218  1.14428       0
2026-03-13 12:17:01 process_candles:
       PAIR                      time    mid_c    mid_o   SL   TP   SPREAD      GAIN     LOSS  SIGNAL
44  EUR_USD 2026-03-13 16:12:00+00:00  1.14456  1.14474  0.0  0.0  0.00017  0.000086  1.14456       0
45  EUR_USD 2026-03-13 16:13:00+00:00  1.14417  1.14457  0.0  0.0  0.00016  0.000314  1.14417       0
46  EUR_USD 2026-03-13 16:14:00+00:00  1.14435  1.14416  0.0  0.0  0.00016  0.000139  1.14435       0
47  EUR_USD 2026-03-13 16:15:00+00:00  1.14428  1.14436  0.0  0.0  0.00015  0.000218  1.14428       0
48  EUR_USD 2026-03-13 16:16:00+00:00  1.14392  1.14430  0.0  0.0  0.00016  0.000571  1.14392       0
2026-03-13 12:18:03 process_candles:
       PAIR                      time    mid_c    mid_o   SL   TP   SPREAD      GAIN     LOSS  SIGNAL
44  EUR_USD 2026-03-13 16:13:00+00:00  1.14417  1.14457  0.0  0.0  0.00016  0.000314  1.14417       0
45  EUR_USD 2026-03-13 16:14:00+00:00  1.14435  1.14416  0.0  0.0  0.00016  0.000139  1.14435       0
46  EUR_USD 2026-03-13 16:15:00+00:00  1.14428  1.14436  0.0  0.0  0.00015  0.000218  1.14428       0
47  EUR_USD 2026-03-13 16:16:00+00:00  1.14392  1.14430  0.0  0.0  0.00016  0.000571  1.14392       0
48  EUR_USD 2026-03-13 16:17:00+00:00  1.14404  1.14393  0.0  0.0  0.00015  0.000435  1.14404       0
2026-03-13 12:19:00 process_candles:
       PAIR                      time    mid_c    mid_o   SL   TP   SPREAD      GAIN     LOSS  SIGNAL
45  EUR_USD 2026-03-13 16:14:00+00:00  1.14435  1.14416  0.0  0.0  0.00016  0.000139  1.14435       0
46  EUR_USD 2026-03-13 16:15:00+00:00  1.14428  1.14436  0.0  0.0  0.00015  0.000218  1.14428       0
47  EUR_USD 2026-03-13 16:16:00+00:00  1.14392  1.14430  0.0  0.0  0.00016  0.000571  1.14392       0
48  EUR_USD 2026-03-13 16:17:00+00:00  1.14404  1.14393  0.0  0.0  0.00015  0.000435  1.14404       0
49  EUR_USD 2026-03-13 16:18:00+00:00  1.14418  1.14404  0.0  0.0  0.00018  0.000286  1.14418       0
2026-03-13 12:20:00 process_candles:
       PAIR                      time    mid_c    mid_o   SL   TP   SPREAD      GAIN     LOSS  SIGNAL
45  EUR_USD 2026-03-13 16:15:00+00:00  1.14428  1.14436  0.0  0.0  0.00015  0.000218  1.14428       0
46  EUR_USD 2026-03-13 16:16:00+00:00  1.14392  1.14430  0.0  0.0  0.00016  0.000571  1.14392       0
47  EUR_USD 2026-03-13 16:17:00+00:00  1.14404  1.14393  0.0  0.0  0.00015  0.000435  1.14404       0
48  EUR_USD 2026-03-13 16:18:00+00:00  1.14418  1.14404  0.0  0.0  0.00018  0.000287  1.14418       0
49  EUR_USD 2026-03-13 16:19:00+00:00  1.14407  1.14420  0.0  0.0  0.00016  0.000384  1.14407       0
2026-03-13 12:21:00 process_candles:
       PAIR                      time    mid_c    mid_o   SL   TP   SPREAD      GAIN     LOSS  SIGNAL
45  EUR_USD 2026-03-13 16:16:00+00:00  1.14392  1.14430  0.0  0.0  0.00016  0.000571  1.14392       0
46  EUR_USD 2026-03-13 16:17:00+00:00  1.14404  1.14393  0.0  0.0  0.00015  0.000435  1.14404       0
47  EUR_USD 2026-03-13 16:18:00+00:00  1.14418  1.14404  0.0  0.0  0.00018  0.000287  1.14418       0
48  EUR_USD 2026-03-13 16:19:00+00:00  1.14407  1.14420  0.0  0.0  0.00016  0.000384  1.14407       0
49  EUR_USD 2026-03-13 16:20:00+00:00  1.14432  1.14406  0.0  0.0  0.00015  0.000132  1.14432       0
2026-03-13 12:22:01 process_candles:
       PAIR                      time    mid_c    mid_o   SL   TP   SPREAD      GAIN     LOSS  SIGNAL
44  EUR_USD 2026-03-13 16:17:00+00:00  1.14404  1.14393  0.0  0.0  0.00015  0.000435  1.14404       0
45  EUR_USD 2026-03-13 16:18:00+00:00  1.14418  1.14404  0.0  0.0  0.00018  0.000286  1.14418       0
46  EUR_USD 2026-03-13 16:19:00+00:00  1.14407  1.14420  0.0  0.0  0.00016  0.000384  1.14407       0
47  EUR_USD 2026-03-13 16:20:00+00:00  1.14432  1.14406  0.0  0.0  0.00015  0.000132  1.14432       0
48  EUR_USD 2026-03-13 16:21:00+00:00  1.14426  1.14430  0.0  0.0  0.00017  0.000189  1.14426       0
2026-03-13 12:23:00 process_candles:
       PAIR                      time    mid_c    mid_o   SL   TP   SPREAD      GAIN     LOSS  SIGNAL
45  EUR_USD 2026-03-13 16:18:00+00:00  1.14418  1.14404  0.0  0.0  0.00018  0.000286  1.14418       0
46  EUR_USD 2026-03-13 16:19:00+00:00  1.14407  1.14420  0.0  0.0  0.00016  0.000384  1.14407       0
47  EUR_USD 2026-03-13 16:20:00+00:00  1.14432  1.14406  0.0  0.0  0.00015  0.000132  1.14432       0
48  EUR_USD 2026-03-13 16:21:00+00:00  1.14426  1.14430  0.0  0.0  0.00017  0.000189  1.14426       0
49  EUR_USD 2026-03-13 16:22:00+00:00  1.14424  1.14427  0.0  0.0  0.00015  0.000209  1.14424       0
2026-03-13 12:24:02 process_candles:
       PAIR                      time    mid_c    mid_o   SL   TP   SPREAD      GAIN     LOSS  SIGNAL
44  EUR_USD 2026-03-13 16:19:00+00:00  1.14407  1.14420  0.0  0.0  0.00016  0.000384  1.14407       0
45  EUR_USD 2026-03-13 16:20:00+00:00  1.14432  1.14406  0.0  0.0  0.00015  0.000132  1.14432       0
46  EUR_USD 2026-03-13 16:21:00+00:00  1.14426  1.14430  0.0  0.0  0.00017  0.000189  1.14426       0
47  EUR_USD 2026-03-13 16:22:00+00:00  1.14424  1.14427  0.0  0.0  0.00015  0.000209  1.14424       0
48  EUR_USD 2026-03-13 16:23:00+00:00  1.14404  1.14423  0.0  0.0  0.00015  0.000385  1.14404       0
2026-03-13 12:25:01 process_candles:
       PAIR                      time    mid_c    mid_o   SL   TP   SPREAD      GAIN     LOSS  SIGNAL
44  EUR_USD 2026-03-13 16:20:00+00:00  1.14432  1.14406  0.0  0.0  0.00015  0.000132  1.14432       0
45  EUR_USD 2026-03-13 16:21:00+00:00  1.14426  1.14430  0.0  0.0  0.00017  0.000189  1.14426       0
46  EUR_USD 2026-03-13 16:22:00+00:00  1.14424  1.14427  0.0  0.0  0.00015  0.000209  1.14424       0
47  EUR_USD 2026-03-13 16:23:00+00:00  1.14404  1.14423  0.0  0.0  0.00015  0.000385  1.14404       0
48  EUR_USD 2026-03-13 16:24:00+00:00  1.14400  1.14404  0.0  0.0  0.00017  0.000384  1.14400       0
2026-03-13 12:26:00 process_candles:
       PAIR                      time    mid_c    mid_o   SL   TP   SPREAD      GAIN     LOSS  SIGNAL
45  EUR_USD 2026-03-13 16:21:00+00:00  1.14426  1.14430  0.0  0.0  0.00017  0.000189  1.14426       0
46  EUR_USD 2026-03-13 16:22:00+00:00  1.14424  1.14427  0.0  0.0  0.00015  0.000209  1.14424       0
47  EUR_USD 2026-03-13 16:23:00+00:00  1.14404  1.14423  0.0  0.0  0.00015  0.000385  1.14404       0
48  EUR_USD 2026-03-13 16:24:00+00:00  1.14400  1.14404  0.0  0.0  0.00017  0.000384  1.14400       0
49  EUR_USD 2026-03-13 16:25:00+00:00  1.14406  1.14404  0.0  0.0  0.00017  0.000292  1.14406       0
2026-03-13 12:27:00 process_candles:
       PAIR                      time    mid_c    mid_o   SL   TP   SPREAD      GAIN     LOSS  SIGNAL
45  EUR_USD 2026-03-13 16:22:00+00:00  1.14424  1.14427  0.0  0.0  0.00015  0.000209  1.14424       0
46  EUR_USD 2026-03-13 16:23:00+00:00  1.14404  1.14423  0.0  0.0  0.00015  0.000385  1.14404       0
47  EUR_USD 2026-03-13 16:24:00+00:00  1.14400  1.14404  0.0  0.0  0.00017  0.000384  1.14400       0
48  EUR_USD 2026-03-13 16:25:00+00:00  1.14406  1.14404  0.0  0.0  0.00017  0.000292  1.14406       0
49  EUR_USD 2026-03-13 16:26:00+00:00  1.14394  1.14404  0.0  0.0  0.00017  0.000373  1.14394       0
