2026-03-13 12:01:04 Log wrapper init() ./logs/CandleWorker_GBP_USD.log
2026-03-13 12:01:04 Created CandleWorker for GBP_USD {'n_ma': 20, 'n_std': 2.0, 'maxspread': 0.0004, 'mingain': 0.0014, 'riskreward': 1.5, 'pair': 'GBP_USD'}
2026-03-13 12:02:01 process_candles:
       PAIR                      time    mid_c    mid_o   SL   TP   SPREAD      GAIN     LOSS  SIGNAL
45  GBP_USD 2026-03-13 15:57:00+00:00  1.32392  1.32368  0.0  0.0  0.00018  0.000127  1.32392       0
46  GBP_USD 2026-03-13 15:58:00+00:00  1.32386  1.32390  0.0  0.0  0.00019  0.000078  1.32386       0
47  GBP_USD 2026-03-13 15:59:00+00:00  1.32386  1.32386  0.0  0.0  0.00017  0.000080  1.32386       0
48  GBP_USD 2026-03-13 16:00:00+00:00  1.32368  1.32386  0.0  0.0  0.00020  0.000094  1.32368       0
49  GBP_USD 2026-03-13 16:01:00+00:00  1.32376  1.32368  0.0  0.0  0.00019  0.000014  1.32376       0
2026-03-13 12:03:00 process_candles:
       PAIR                      time    mid_c    mid_o   SL   TP   SPREAD      GAIN     LOSS  SIGNAL
45  GBP_USD 2026-03-13 15:58:00+00:00  1.32386  1.32390  0.0  0.0  0.00019  0.000078  1.32386       0
46  GBP_USD 2026-03-13 15:59:00+00:00  1.32386  1.32386  0.0  0.0  0.00017  0.000080  1.32386       0
47  GBP_USD 2026-03-13 16:00:00+00:00  1.32368  1.32386  0.0  0.0  0.00020  0.000094  1.32368       0
48  GBP_USD 2026-03-13 16:01:00+00:00  1.32376  1.32368  0.0  0.0  0.00019  0.000014  1.32376       0
49  GBP_USD 2026-03-13 16:02:00+00:00  1.32376  1.32377  0.0  0.0  0.00018  0.000026  1.32376       0
2026-03-13 12:04:01 process_candles:
       PAIR                      time    mid_c    mid_o   SL   TP   SPREAD      GAIN     LOSS  SIGNAL
45  GBP_USD 2026-03-13 15:59:00+00:00  1.32386  1.32386  0.0  0.0  0.00017  0.000080  1.32386       0
46  GBP_USD 2026-03-13 16:00:00+00:00  1.32368  1.32386  0.0  0.0  0.00020  0.000094  1.32368       0
47  GBP_USD 2026-03-13 16:01:00+00:00  1.32376  1.32368  0.0  0.0  0.00019  0.000014  1.32376       0
48  GBP_USD 2026-03-13 16:02:00+00:00  1.32376  1.32377  0.0  0.0  0.00018  0.000026  1.32376       0
49  GBP_USD 2026-03-13 16:03:00+00:00  1.32440  1.32378  0.0  0.0  0.00021  0.000572  1.32440       0
2026-03-13 12:05:01 process_candles:
       PAIR                      time    mid_c    mid_o   SL   TP   SPREAD      GAIN     LOSS  SIGNAL
45  GBP_USD 2026-03-13 16:00:00+00:00  1.32368  1.32386  0.0  0.0  0.00020  0.000094  1.32368       0
46  GBP_USD 2026-03-13 16:01:00+00:00  1.32376  1.32368  0.0  0.0  0.00019  0.000014  1.32376       0
47  GBP_USD 2026-03-13 16:02:00+00:00  1.32376  1.32377  0.0  0.0  0.00018  0.000026  1.32376       0
48  GBP_USD 2026-03-13 16:03:00+00:00  1.32440  1.32378  0.0  0.0  0.00021  0.000572  1.32440       0
49  GBP_USD 2026-03-13 16:04:00+00:00  1.32414  1.32440  0.0  0.0  0.00021  0.000265  1.32414       0
2026-03-13 12:06:00 process_candles:
       PAIR                      time    mid_c    mid_o   SL   TP   SPREAD      GAIN     LOSS  SIGNAL
45  GBP_USD 2026-03-13 16:01:00+00:00  1.32376  1.32368  0.0  0.0  0.00019  0.000014  1.32376       0
46  GBP_USD 2026-03-13 16:02:00+00:00  1.32376  1.32377  0.0  0.0  0.00018  0.000026  1.32376       0
47  GBP_USD 2026-03-13 16:03:00+00:00  1.32440  1.32378  0.0  0.0  0.00021  0.000572  1.32440       0
48  GBP_USD 2026-03-13 16:04:00+00:00  1.32414  1.32440  0.0  0.0  0.00021  0.000265  1.32414       0
49  GBP_USD 2026-03-13 16:05:00+00:00  1.32416  1.32412  0.0  0.0  0.00019  0.000257  1.32416       0
2026-03-13 12:07:01 process_candles:
       PAIR                      time    mid_c    mid_o   SL   TP   SPREAD      GAIN     LOSS  SIGNAL
45  GBP_USD 2026-03-13 16:02:00+00:00  1.32376  1.32377  0.0  0.0  0.00018  0.000026  1.32376       0
46  GBP_USD 2026-03-13 16:03:00+00:00  1.32440  1.32378  0.0  0.0  0.00021  0.000572  1.32440       0
47  GBP_USD 2026-03-13 16:04:00+00:00  1.32414  1.32440  0.0  0.0  0.00021  0.000265  1.32414       0
48  GBP_USD 2026-03-13 16:05:00+00:00  1.32416  1.32412  0.0  0.0  0.00019  0.000257  1.32416       0
49  GBP_USD 2026-03-13 16:06:00+00:00  1.32425  1.32416  0.0  0.0  0.00020  0.000309  1.32425       0
2026-03-13 12:08:00 process_candles:
       PAIR                      time    mid_c    mid_o   SL   TP   SPREAD      GAIN     LOSS  SIGNAL
45  GBP_USD 2026-03-13 16:03:00+00:00  1.32440  1.32378  0.0  0.0  0.00021  0.000572  1.32440       0
46  GBP_USD 2026-03-13 16:04:00+00:00  1.32414  1.32440  0.0  0.0  0.00021  0.000265  1.32414       0
47  GBP_USD 2026-03-13 16:05:00+00:00  1.32416  1.32412  0.0  0.0  0.00019  0.000257  1.32416       0
48  GBP_USD 2026-03-13 16:06:00+00:00  1.32425  1.32416  0.0  0.0  0.00020  0.000308  1.32425       0
49  GBP_USD 2026-03-13 16:07:00+00:00  1.32448  1.32425  0.0  0.0  0.00018  0.000542  1.32448       0
2026-03-13 12:09:00 process_candles:
       PAIR                      time    mid_c    mid_o   SL   TP   SPREAD      GAIN     LOSS  SIGNAL
45  GBP_USD 2026-03-13 16:04:00+00:00  1.32414  1.32440  0.0  0.0  0.00021  0.000265  1.32414       0
46  GBP_USD 2026-03-13 16:05:00+00:00  1.32416  1.32412  0.0  0.0  0.00019  0.000257  1.32416       0
47  GBP_USD 2026-03-13 16:06:00+00:00  1.32425  1.32416  0.0  0.0  0.00020  0.000309  1.32425       0
48  GBP_USD 2026-03-13 16:07:00+00:00  1.32448  1.32425  0.0  0.0  0.00018  0.000542  1.32448       0
49  GBP_USD 2026-03-13 16:08:00+00:00  1.32416  1.32448  0.0  0.0  0.00019  0.000236  1.32416       0
2026-03-13 12:10:00 process_candles:
       PAIR                      time    mid_c    mid_o   SL   TP   SPREAD      GAIN     LOSS  SIGNAL
45  GBP_USD 2026-03-13 16:05:00+00:00  1.32416  1.32412  0.0  0.0  0.00019  0.000257  1.32416       0
46  GBP_USD 2026-03-13 16:06:00+00:00  1.32425  1.32416  0.0  0.0  0.00020  0.000309  1.32425       0
47  GBP_USD 2026-03-13 16:07:00+00:00  1.32448  1.32425  0.0  0.0  0.00018  0.000542  1.32448       0
48  GBP_USD 2026-03-13 16:08:00+00:00  1.32416  1.32448  0.0  0.0  0.00019  0.000236  1.32416       0
49  GBP_USD 2026-03-13 16:09:00+00:00  1.32419  1.32416  0.0  0.0  0.00020  0.000274  1.32419       0
2026-03-13 12:11:00 process_candles:
       PAIR                      time    mid_c    mid_o   SL   TP   SPREAD      GAIN     LOSS  SIGNAL
45  GBP_USD 2026-03-13 16:06:00+00:00  1.32425  1.32416  0.0  0.0  0.00020  0.000308  1.32425       0
46  GBP_USD 2026-03-13 16:07:00+00:00  1.32448  1.32425  0.0  0.0  0.00018  0.000542  1.32448       0
47  GBP_USD 2026-03-13 16:08:00+00:00  1.32416  1.32448  0.0  0.0  0.00019  0.000236  1.32416       0
48  GBP_USD 2026-03-13 16:09:00+00:00  1.32419  1.32416  0.0  0.0  0.00020  0.000274  1.32419       0
49  GBP_USD 2026-03-13 16:10:00+00:00  1.32416  1.32418  0.0  0.0  0.00019  0.000229  1.32416       0
2026-03-13 12:12:01 process_candles:
       PAIR                      time    mid_c    mid_o   SL   TP   SPREAD      GAIN     LOSS  SIGNAL
45  GBP_USD 2026-03-13 16:07:00+00:00  1.32448  1.32425  0.0  0.0  0.00018  0.000542  1.32448       0
46  GBP_USD 2026-03-13 16:08:00+00:00  1.32416  1.32448  0.0  0.0  0.00019  0.000236  1.32416       0
47  GBP_USD 2026-03-13 16:09:00+00:00  1.32419  1.32416  0.0  0.0  0.00020  0.000274  1.32419       0
48  GBP_USD 2026-03-13 16:10:00+00:00  1.32416  1.32418  0.0  0.0  0.00019  0.000229  1.32416       0
49  GBP_USD 2026-03-13 16:11:00+00:00  1.32436  1.32415  0.0  0.0  0.00019  0.000400  1.32436       0
2026-03-13 12:13:00 process_candles:
       PAIR                      time    mid_c    mid_o   SL   TP   SPREAD      GAIN     LOSS  SIGNAL
45  GBP_USD 2026-03-13 16:08:00+00:00  1.32416  1.32448  0.0  0.0  0.00019  0.000236  1.32416       0
46  GBP_USD 2026-03-13 16:09:00+00:00  1.32419  1.32416  0.0  0.0  0.00020  0.000274  1.32419       0
47  GBP_USD 2026-03-13 16:10:00+00:00  1.32416  1.32418  0.0  0.0  0.00019  0.000229  1.32416       0
48  GBP_USD 2026-03-13 16:11:00+00:00  1.32436  1.32415  0.0  0.0  0.00019  0.000400  1.32436       0
49  GBP_USD 2026-03-13 16:12:00+00:00  1.32414  1.32436  0.0  0.0  0.00018  0.000141  1.32414       0
2026-03-13 12:14:00 process_candles:
       PAIR                      time    mid_c    mid_o   SL   TP   SPREAD      GAIN     LOSS  SIGNAL
45  GBP_USD 2026-03-13 16:09:00+00:00  1.32419  1.32416  0.0  0.0  0.00020  0.000274  1.32419       0
46  GBP_USD 2026-03-13 16:10:00+00:00  1.32416  1.32418  0.0  0.0  0.00019  0.000229  1.32416       0
47  GBP_USD 2026-03-13 16:11:00+00:00  1.32436  1.32415  0.0  0.0  0.00019  0.000400  1.32436       0
48  GBP_USD 2026-03-13 16:12:00+00:00  1.32414  1.32436  0.0  0.0  0.00018  0.000141  1.32414       0
49  GBP_USD 2026-03-13 16:13:00+00:00  1.32366  1.32414  0.0  0.0  0.00020  0.000353  1.32366       0
2026-03-13 12:15:00 process_candles:
       PAIR                      time    mid_c    mid_o   SL   TP   SPREAD      GAIN     LOSS  SIGNAL
45  GBP_USD 2026-03-13 16:10:00+00:00  1.32416  1.32418  0.0  0.0  0.00019  0.000229  1.32416       0
46  GBP_USD 2026-03-13 16:11:00+00:00  1.32436  1.32415  0.0  0.0  0.00019  0.000400  1.32436       0
47  GBP_USD 2026-03-13 16:12:00+00:00  1.32414  1.32436  0.0  0.0  0.00018  0.000141  1.32414       0
48  GBP_USD 2026-03-13 16:13:00+00:00  1.32366  1.32414  0.0  0.0  0.00020  0.000353  1.32366       0
49  GBP_USD 2026-03-13 16:14:00+00:00  1.32389  1.32366  0.0  0.0  0.00020  0.000126  1.32389       0
2026-03-13 12:16:00 process_candles:
       PAIR                      time    mid_c    mid_o   SL   TP   SPREAD      GAIN     LOSS  SIGNAL
45  GBP_USD 2026-03-13 16:11:00+00:00  1.32436  1.32415  0.0  0.0  0.00019  0.000400  1.32436       0
46  GBP_USD 2026-03-13 16:12:00+00:00  1.32414  1.32436  0.0  0.0  0.00018  0.000141  1.32414       0
47  GBP_USD 2026-03-13 16:13:00+00:00  1.32366  1.32414  0.0  0.0  0.00020  0.000353  1.32366       0
48  GBP_USD 2026-03-13 16:14:00+00:00  1.32389  1.32366  0.0  0.0  0.00020  0.000126  1.32389       0
49  GBP_USD 2026-03-13 16:15:00+00:00  1.32380  1.32390  0.0  0.0  0.00018  0.000228  1.32380       0
2026-03-13 12:17:01 process_candles:
       PAIR                      time    mid_c    mid_o   SL   TP   SPREAD      GAIN     LOSS  SIGNAL
45  GBP_USD 2026-03-13 16:12:00+00:00  1.32414  1.32436  0.0  0.0  0.00018  0.000141  1.32414       0
46  GBP_USD 2026-03-13 16:13:00+00:00  1.32366  1.32414  0.0  0.0  0.00020  0.000353  1.32366       0
47  GBP_USD 2026-03-13 16:14:00+00:00  1.32389  1.32366  0.0  0.0  0.00020  0.000126  1.32389       0
48  GBP_USD 2026-03-13 16:15:00+00:00  1.32380  1.32390  0.0  0.0  0.00018  0.000228  1.32380       0
49  GBP_USD 2026-03-13 16:16:00+00:00  1.32332  1.32381  0.0  0.0  0.00019  0.000698  1.32332       0
2026-03-13 12:18:02 process_candles:
       PAIR                      time    mid_c    mid_o   SL   TP   SPREAD      GAIN     LOSS  SIGNAL
44  GBP_USD 2026-03-13 16:13:00+00:00  1.32366  1.32414  0.0  0.0  0.00020  0.000353  1.32366       0
45  GBP_USD 2026-03-13 16:14:00+00:00  1.32389  1.32366  0.0  0.0  0.00020  0.000126  1.32389       0
46  GBP_USD 2026-03-13 16:15:00+00:00  1.32380  1.32390  0.0  0.0  0.00018  0.000228  1.32380       0
47  GBP_USD 2026-03-13 16:16:00+00:00  1.32332  1.32381  0.0  0.0  0.00019  0.000697  1.32332       0
48  GBP_USD 2026-03-13 16:17:00+00:00  1.32356  1.32333  0.0  0.0  0.00018  0.000435  1.32356       0
2026-03-13 12:19:00 process_candles:
       PAIR                      time    mid_c    mid_o   SL   TP   SPREAD      GAIN     LOSS  SIGNAL
45  GBP_USD 2026-03-13 16:14:00+00:00  1.32389  1.32366  0.0  0.0  0.00020  0.000126  1.32389       0
46  GBP_USD 2026-03-13 16:15:00+00:00  1.32380  1.32390  0.0  0.0  0.00018  0.000228  1.32380       0
47  GBP_USD 2026-03-13 16:16:00+00:00  1.32332  1.32381  0.0  0.0  0.00019  0.000697  1.32332       0
48  GBP_USD 2026-03-13 16:17:00+00:00  1.32356  1.32333  0.0  0.0  0.00018  0.000435  1.32356       0
49  GBP_USD 2026-03-13 16:18:00+00:00  1.32382  1.32356  0.0  0.0  0.00020  0.000170  1.32382       0
2026-03-13 12:20:01 process_candles:
       PAIR                      time    mid_c    mid_o   SL   TP   SPREAD      GAIN     LOSS  SIGNAL
44  GBP_USD 2026-03-13 16:15:00+00:00  1.32380  1.32390  0.0  0.0  0.00018  0.000228  1.32380       0
45  GBP_USD 2026-03-13 16:16:00+00:00  1.32332  1.32381  0.0  0.0  0.00019  0.000698  1.32332       0
46  GBP_USD 2026-03-13 16:17:00+00:00  1.32356  1.32333  0.0  0.0  0.00018  0.000435  1.32356       0
47  GBP_USD 2026-03-13 16:18:00+00:00  1.32382  1.32356  0.0  0.0  0.00020  0.000170  1.32382       0
48  GBP_USD 2026-03-13 16:19:00+00:00  1.32356  1.32382  0.0  0.0  0.00017  0.000418  1.32356       0
2026-03-13 12:21:01 process_candles:
       PAIR                      time    mid_c    mid_o   SL   TP   SPREAD      GAIN     LOSS  SIGNAL
44  GBP_USD 2026-03-13 16:16:00+00:00  1.32332  1.32381  0.0  0.0  0.00019  0.000697  1.32332       0
45  GBP_USD 2026-03-13 16:17:00+00:00  1.32356  1.32333  0.0  0.0  0.00018  0.000435  1.32356       0
46  GBP_USD 2026-03-13 16:18:00+00:00  1.32382  1.32356  0.0  0.0  0.00020  0.000170  1.32382       0
47  GBP_USD 2026-03-13 16:19:00+00:00  1.32356  1.32382  0.0  0.0  0.00017  0.000418  1.32356       0
48  GBP_USD 2026-03-13 16:20:00+00:00  1.32386  1.32356  0.0  0.0  0.00019  0.000119  1.32386       0
2026-03-13 12:22:02 process_candles:
       PAIR                      time    mid_c    mid_o   SL   TP   SPREAD      GAIN     LOSS  SIGNAL
44  GBP_USD 2026-03-13 16:17:00+00:00  1.32356  1.32333  0.0  0.0  0.00018  0.000435  1.32356       0
45  GBP_USD 2026-03-13 16:18:00+00:00  1.32382  1.32356  0.0  0.0  0.00020  0.000170  1.32382       0
46  GBP_USD 2026-03-13 16:19:00+00:00  1.32356  1.32382  0.0  0.0  0.00017  0.000418  1.32356       0
47  GBP_USD 2026-03-13 16:20:00+00:00  1.32386  1.32356  0.0  0.0  0.00019  0.000119  1.32386       0
48  GBP_USD 2026-03-13 16:21:00+00:00  1.32390  1.32385  0.0  0.0  0.00021  0.000085  1.32390       0
2026-03-13 12:23:00 process_candles:
       PAIR                      time    mid_c    mid_o   SL   TP   SPREAD      GAIN     LOSS  SIGNAL
45  GBP_USD 2026-03-13 16:18:00+00:00  1.32382  1.32356  0.0  0.0  0.00020  0.000170  1.32382       0
46  GBP_USD 2026-03-13 16:19:00+00:00  1.32356  1.32382  0.0  0.0  0.00017  0.000418  1.32356       0
47  GBP_USD 2026-03-13 16:20:00+00:00  1.32386  1.32356  0.0  0.0  0.00019  0.000119  1.32386       0
48  GBP_USD 2026-03-13 16:21:00+00:00  1.32390  1.32385  0.0  0.0  0.00021  0.000085  1.32390       0
49  GBP_USD 2026-03-13 16:22:00+00:00  1.32396  1.32390  0.0  0.0  0.00019  0.000034  1.32396       0
2026-03-13 12:24:00 process_candles:
       PAIR                      time    mid_c    mid_o   SL   TP   SPREAD      GAIN     LOSS  SIGNAL
45  GBP_USD 2026-03-13 16:19:00+00:00  1.32356  1.32382  0.0  0.0  0.00017  0.000418  1.32356       0
46  GBP_USD 2026-03-13 16:20:00+00:00  1.32386  1.32356  0.0  0.0  0.00019  0.000119  1.32386       0
47  GBP_USD 2026-03-13 16:21:00+00:00  1.32390  1.32385  0.0  0.0  0.00021  0.000085  1.32390       0
48  GBP_USD 2026-03-13 16:22:00+00:00  1.32396  1.32390  0.0  0.0  0.00019  0.000034  1.32396       0
49  GBP_USD 2026-03-13 16:23:00+00:00  1.32380  1.32393  0.0  0.0  0.00020  0.000175  1.32380       0
2026-03-13 12:25:01 process_candles:
       PAIR                      time    mid_c    mid_o   SL   TP   SPREAD      GAIN     LOSS  SIGNAL
44  GBP_USD 2026-03-13 16:20:00+00:00  1.32386  1.32356  0.0  0.0  0.00019  0.000119  1.32386       0
45  GBP_USD 2026-03-13 16:21:00+00:00  1.32390  1.32385  0.0  0.0  0.00021  0.000085  1.32390       0
46  GBP_USD 2026-03-13 16:22:00+00:00  1.32396  1.32390  0.0  0.0  0.00019  0.000034  1.32396       0
47  GBP_USD 2026-03-13 16:23:00+00:00  1.32380  1.32393  0.0  0.0  0.00020  0.000175  1.32380       0
48  GBP_USD 2026-03-13 16:24:00+00:00  1.32368  1.32380  0.0  0.0  0.00021  0.000263  1.32368       0
2026-03-13 12:26:00 process_candles:
       PAIR                      time    mid_c    mid_o   SL   TP   SPREAD      GAIN     LOSS  SIGNAL
45  GBP_USD 2026-03-13 16:21:00+00:00  1.32390  1.32385  0.0  0.0  0.00021  0.000085  1.32390       0
46  GBP_USD 2026-03-13 16:22:00+00:00  1.32396  1.32390  0.0  0.0  0.00019  0.000034  1.32396       0
47  GBP_USD 2026-03-13 16:23:00+00:00  1.32380  1.32393  0.0  0.0  0.00020  0.000175  1.32380       0
48  GBP_USD 2026-03-13 16:24:00+00:00  1.32368  1.32380  0.0  0.0  0.00021  0.000263  1.32368       0
49  GBP_USD 2026-03-13 16:25:00+00:00  1.32370  1.32368  0.0  0.0  0.00018  0.000221  1.32370       0
2026-03-13 12:27:00 process_candles:
       PAIR                      time    mid_c    mid_o   SL   TP   SPREAD      GAIN     LOSS  SIGNAL
45  GBP_USD 2026-03-13 16:22:00+00:00  1.32396  1.32390  0.0  0.0  0.00019  0.000034  1.32396       0
46  GBP_USD 2026-03-13 16:23:00+00:00  1.32380  1.32393  0.0  0.0  0.00020  0.000175  1.32380       0
47  GBP_USD 2026-03-13 16:24:00+00:00  1.32368  1.32380  0.0  0.0  0.00021  0.000263  1.32368       0
48  GBP_USD 2026-03-13 16:25:00+00:00  1.32370  1.32368  0.0  0.0  0.00018  0.000221  1.32370       0
49  GBP_USD 2026-03-13 16:26:00+00:00  1.32360  1.32370  0.0  0.0  0.00020  0.000291  1.32360       0
