2025-12-19 12:36:29 Log wrapper init() ./logs/EUR_GBP.log
2025-12-19 12:36:29 {'n_ma': 20, 'n_std': 2.5, 'maxspread': 0.0004, 'mingain': 0.0014, 'riskreward': 1.5}
2025-12-19 12:36:31 CandleManager() init last_candle:last_candle: 25-12-19 17:35 is_ready:False
2025-12-19 12:37:13 CandleManager() new candle: last_candle: 25-12-19 17:36 is_ready:True
2025-12-19 12:37:13 tech_manager: max_rows: 40 candle_time:2025-12-19 17:36:00+00:00, ganularity:M1
2025-12-19 12:37:14 process_candles:
       PAIR                      time    mid_c    mid_o   SL   TP   SPREAD      GAIN  SIGNAL
34  EUR_GBP 2025-12-19 17:32:00+00:00  0.87590  0.87593  0.0  0.0  0.00015  0.000016       0
35  EUR_GBP 2025-12-19 17:33:00+00:00  0.87584  0.87592  0.0  0.0  0.00013  0.000065       0
36  EUR_GBP 2025-12-19 17:34:00+00:00  0.87586  0.87584  0.0  0.0  0.00015  0.000032       0
37  EUR_GBP 2025-12-19 17:35:00+00:00  0.87588  0.87588  0.0  0.0  0.00013  0.000002       0
38  EUR_GBP 2025-12-19 17:36:00+00:00  0.87582  0.87588  0.0  0.0  0.00013  0.000055       0
2025-12-19 12:38:06 CandleManager() new candle: last_candle: 25-12-19 17:37 is_ready:True
2025-12-19 12:38:07 tech_manager: max_rows: 40 candle_time:2025-12-19 17:37:00+00:00, ganularity:M1
2025-12-19 12:38:07 process_candles:
       PAIR                      time    mid_c    mid_o   SL   TP   SPREAD      GAIN  SIGNAL
34  EUR_GBP 2025-12-19 17:33:00+00:00  0.87584  0.87592  0.0  0.0  0.00013  0.000065       0
35  EUR_GBP 2025-12-19 17:34:00+00:00  0.87586  0.87584  0.0  0.0  0.00015  0.000032       0
36  EUR_GBP 2025-12-19 17:35:00+00:00  0.87588  0.87588  0.0  0.0  0.00013  0.000002       0
37  EUR_GBP 2025-12-19 17:36:00+00:00  0.87582  0.87588  0.0  0.0  0.00013  0.000055       0
38  EUR_GBP 2025-12-19 17:37:00+00:00  0.87584  0.87585  0.0  0.0  0.00013  0.000033       0
2025-12-19 12:39:10 CandleManager() new candle: last_candle: 25-12-19 17:38 is_ready:True
2025-12-19 12:39:11 tech_manager: max_rows: 40 candle_time:2025-12-19 17:38:00+00:00, ganularity:M1
2025-12-19 12:39:11 process_candles:
       PAIR                      time    mid_c    mid_o   SL   TP   SPREAD      GAIN  SIGNAL
34  EUR_GBP 2025-12-19 17:34:00+00:00  0.87586  0.87584  0.0  0.0  0.00015  0.000032       0
35  EUR_GBP 2025-12-19 17:35:00+00:00  0.87588  0.87588  0.0  0.0  0.00013  0.000002       0
36  EUR_GBP 2025-12-19 17:36:00+00:00  0.87582  0.87588  0.0  0.0  0.00013  0.000055       0
37  EUR_GBP 2025-12-19 17:37:00+00:00  0.87584  0.87585  0.0  0.0  0.00013  0.000033       0
38  EUR_GBP 2025-12-19 17:38:00+00:00  0.87586  0.87583  0.0  0.0  0.00013  0.000012       0
2025-12-19 12:40:15 CandleManager() new candle: last_candle: 25-12-19 17:39 is_ready:True
2025-12-19 12:40:15 tech_manager: max_rows: 40 candle_time:2025-12-19 17:39:00+00:00, ganularity:M1
2025-12-19 12:40:15 process_candles:
       PAIR                      time    mid_c    mid_o   SL   TP   SPREAD      GAIN  SIGNAL
34  EUR_GBP 2025-12-19 17:35:00+00:00  0.87588  0.87588  0.0  0.0  0.00013  0.000002       0
35  EUR_GBP 2025-12-19 17:36:00+00:00  0.87582  0.87588  0.0  0.0  0.00013  0.000055       0
36  EUR_GBP 2025-12-19 17:37:00+00:00  0.87584  0.87585  0.0  0.0  0.00013  0.000033       0
37  EUR_GBP 2025-12-19 17:38:00+00:00  0.87586  0.87583  0.0  0.0  0.00013  0.000012       0
38  EUR_GBP 2025-12-19 17:39:00+00:00  0.87588  0.87585  0.0  0.0  0.00014  0.000008       0
2025-12-19 12:41:08 CandleManager() new candle: last_candle: 25-12-19 17:40 is_ready:True
2025-12-19 12:41:08 tech_manager: max_rows: 40 candle_time:2025-12-19 17:40:00+00:00, ganularity:M1
2025-12-19 12:41:08 process_candles:
       PAIR                      time    mid_c    mid_o   SL   TP   SPREAD      GAIN  SIGNAL
34  EUR_GBP 2025-12-19 17:36:00+00:00  0.87582  0.87588  0.0  0.0  0.00013  0.000055       0
35  EUR_GBP 2025-12-19 17:37:00+00:00  0.87584  0.87585  0.0  0.0  0.00013  0.000033       0
36  EUR_GBP 2025-12-19 17:38:00+00:00  0.87586  0.87583  0.0  0.0  0.00013  0.000012       0
37  EUR_GBP 2025-12-19 17:39:00+00:00  0.87588  0.87585  0.0  0.0  0.00014  0.000008       0
38  EUR_GBP 2025-12-19 17:40:00+00:00  0.87590  0.87588  0.0  0.0  0.00015  0.000031       0
2025-12-19 12:42:01 CandleManager() new candle: last_candle: 25-12-19 17:41 is_ready:True
2025-12-19 12:42:02 tech_manager: max_rows: 40 candle_time:2025-12-19 17:41:00+00:00, ganularity:M1
2025-12-19 12:42:02 process_candles:
       PAIR                      time    mid_c    mid_o   SL   TP   SPREAD      GAIN  SIGNAL
34  EUR_GBP 2025-12-19 17:37:00+00:00  0.87584  0.87585  0.0  0.0  0.00013  0.000033       0
35  EUR_GBP 2025-12-19 17:38:00+00:00  0.87586  0.87583  0.0  0.0  0.00013  0.000012       0
36  EUR_GBP 2025-12-19 17:39:00+00:00  0.87588  0.87585  0.0  0.0  0.00014  0.000008       0
37  EUR_GBP 2025-12-19 17:40:00+00:00  0.87590  0.87588  0.0  0.0  0.00015  0.000031       0
38  EUR_GBP 2025-12-19 17:41:00+00:00  0.87592  0.87592  0.0  0.0  0.00013  0.000050       0
2025-12-19 12:43:06 CandleManager() new candle: last_candle: 25-12-19 17:42 is_ready:True
2025-12-19 12:43:07 tech_manager: max_rows: 40 candle_time:2025-12-19 17:42:00+00:00, ganularity:M1
2025-12-19 12:43:07 process_candles:
       PAIR                      time    mid_c    mid_o   SL   TP   SPREAD      GAIN  SIGNAL
34  EUR_GBP 2025-12-19 17:38:00+00:00  0.87586  0.87583  0.0  0.0  0.00013  0.000012       0
35  EUR_GBP 2025-12-19 17:39:00+00:00  0.87588  0.87585  0.0  0.0  0.00014  0.000008       0
36  EUR_GBP 2025-12-19 17:40:00+00:00  0.87590  0.87588  0.0  0.0  0.00015  0.000031       0
37  EUR_GBP 2025-12-19 17:41:00+00:00  0.87592  0.87592  0.0  0.0  0.00013  0.000050       0
38  EUR_GBP 2025-12-19 17:42:00+00:00  0.87583  0.87590  0.0  0.0  0.00014  0.000039       0
