2025-12-19 12:36:29 Log wrapper init() ./logs/EUR_CHF.log
2025-12-19 12:36:29 {'n_ma': 20, 'n_std': 2.5, 'maxspread': 0.0004, 'mingain': 0.0014, 'riskreward': 1.5}
2025-12-19 12:36:31 CandleManager() init last_candle:last_candle: 25-12-19 17:35 is_ready:False
2025-12-19 12:37:02 CandleManager() new candle: last_candle: 25-12-19 17:36 is_ready:True
2025-12-19 12:37:03 tech_manager: max_rows: 40 candle_time:2025-12-19 17:36:00+00:00, ganularity:M1
2025-12-19 12:37:03 process_candles:
       PAIR                      time    mid_c    mid_o   SL   TP   SPREAD      GAIN  SIGNAL
34  EUR_CHF 2025-12-19 17:32:00+00:00  0.93174  0.93172  0.0  0.0  0.00017  0.000096       0
35  EUR_CHF 2025-12-19 17:33:00+00:00  0.93174  0.93176  0.0  0.0  0.00015  0.000078       0
36  EUR_CHF 2025-12-19 17:34:00+00:00  0.93167  0.93173  0.0  0.0  0.00014  0.000129       0
37  EUR_CHF 2025-12-19 17:35:00+00:00  0.93163  0.93166  0.0  0.0  0.00016  0.000155       0
38  EUR_CHF 2025-12-19 17:36:00+00:00  0.93189  0.93164  0.0  0.0  0.00018  0.000110       0
2025-12-19 12:38:06 CandleManager() new candle: last_candle: 25-12-19 17:37 is_ready:True
2025-12-19 12:38:06 tech_manager: max_rows: 40 candle_time:2025-12-19 17:37:00+00:00, ganularity:M1
2025-12-19 12:38:06 process_candles:
       PAIR                      time    mid_c    mid_o   SL   TP   SPREAD      GAIN  SIGNAL
35  EUR_CHF 2025-12-19 17:33:00+00:00  0.93174  0.93176  0.0  0.0  0.00015  0.000078       0
36  EUR_CHF 2025-12-19 17:34:00+00:00  0.93167  0.93173  0.0  0.0  0.00014  0.000129       0
37  EUR_CHF 2025-12-19 17:35:00+00:00  0.93163  0.93166  0.0  0.0  0.00016  0.000155       0
38  EUR_CHF 2025-12-19 17:36:00+00:00  0.93189  0.93164  0.0  0.0  0.00018  0.000110       0
39  EUR_CHF 2025-12-19 17:37:00+00:00  0.93186  0.93188  0.0  0.0  0.00015  0.000085       0
2025-12-19 12:39:10 CandleManager() new candle: last_candle: 25-12-19 17:38 is_ready:True
2025-12-19 12:39:10 tech_manager: max_rows: 40 candle_time:2025-12-19 17:38:00+00:00, ganularity:M1
2025-12-19 12:39:10 process_candles:
       PAIR                      time    mid_c    mid_o   SL   TP   SPREAD      GAIN  SIGNAL
34  EUR_CHF 2025-12-19 17:34:00+00:00  0.93167  0.93173  0.0  0.0  0.00014  0.000129       0
35  EUR_CHF 2025-12-19 17:35:00+00:00  0.93163  0.93166  0.0  0.0  0.00016  0.000155       0
36  EUR_CHF 2025-12-19 17:36:00+00:00  0.93189  0.93164  0.0  0.0  0.00018  0.000110       0
37  EUR_CHF 2025-12-19 17:37:00+00:00  0.93186  0.93188  0.0  0.0  0.00015  0.000085       0
38  EUR_CHF 2025-12-19 17:38:00+00:00  0.93184  0.93188  0.0  0.0  0.00015  0.000066       0
2025-12-19 12:40:04 CandleManager() new candle: last_candle: 25-12-19 17:39 is_ready:True
2025-12-19 12:40:04 tech_manager: max_rows: 40 candle_time:2025-12-19 17:39:00+00:00, ganularity:M1
2025-12-19 12:40:04 process_candles:
       PAIR                      time    mid_c    mid_o   SL   TP   SPREAD      GAIN  SIGNAL
34  EUR_CHF 2025-12-19 17:35:00+00:00  0.93163  0.93166  0.0  0.0  0.00016  0.000155       0
35  EUR_CHF 2025-12-19 17:36:00+00:00  0.93189  0.93164  0.0  0.0  0.00018  0.000110       0
36  EUR_CHF 2025-12-19 17:37:00+00:00  0.93186  0.93188  0.0  0.0  0.00015  0.000085       0
37  EUR_CHF 2025-12-19 17:38:00+00:00  0.93184  0.93188  0.0  0.0  0.00015  0.000066       0
38  EUR_CHF 2025-12-19 17:39:00+00:00  0.93188  0.93185  0.0  0.0  0.00015  0.000107       0
2025-12-19 12:41:07 CandleManager() new candle: last_candle: 25-12-19 17:40 is_ready:True
2025-12-19 12:41:08 tech_manager: max_rows: 40 candle_time:2025-12-19 17:40:00+00:00, ganularity:M1
2025-12-19 12:41:08 process_candles:
       PAIR                      time    mid_c    mid_o   SL   TP   SPREAD      GAIN  SIGNAL
34  EUR_CHF 2025-12-19 17:36:00+00:00  0.93189  0.93164  0.0  0.0  0.00018  0.000110       0
35  EUR_CHF 2025-12-19 17:37:00+00:00  0.93186  0.93188  0.0  0.0  0.00015  0.000085       0
36  EUR_CHF 2025-12-19 17:38:00+00:00  0.93184  0.93188  0.0  0.0  0.00015  0.000066       0
37  EUR_CHF 2025-12-19 17:39:00+00:00  0.93188  0.93185  0.0  0.0  0.00015  0.000107       0
38  EUR_CHF 2025-12-19 17:40:00+00:00  0.93182  0.93188  0.0  0.0  0.00018  0.000048       0
2025-12-19 12:42:01 CandleManager() new candle: last_candle: 25-12-19 17:41 is_ready:True
2025-12-19 12:42:01 tech_manager: max_rows: 40 candle_time:2025-12-19 17:41:00+00:00, ganularity:M1
2025-12-19 12:42:02 process_candles:
       PAIR                      time    mid_c    mid_o   SL   TP   SPREAD      GAIN  SIGNAL
34  EUR_CHF 2025-12-19 17:37:00+00:00  0.93186  0.93188  0.0  0.0  0.00015  0.000085       0
35  EUR_CHF 2025-12-19 17:38:00+00:00  0.93184  0.93188  0.0  0.0  0.00015  0.000066       0
36  EUR_CHF 2025-12-19 17:39:00+00:00  0.93188  0.93185  0.0  0.0  0.00015  0.000107       0
37  EUR_CHF 2025-12-19 17:40:00+00:00  0.93182  0.93188  0.0  0.0  0.00018  0.000048       0
38  EUR_CHF 2025-12-19 17:41:00+00:00  0.93180  0.93182  0.0  0.0  0.00017  0.000028       0
2025-12-19 12:43:06 CandleManager() new candle: last_candle: 25-12-19 17:42 is_ready:True
2025-12-19 12:43:06 tech_manager: max_rows: 40 candle_time:2025-12-19 17:42:00+00:00, ganularity:M1
2025-12-19 12:43:06 process_candles:
       PAIR                      time    mid_c    mid_o   SL   TP   SPREAD      GAIN  SIGNAL
34  EUR_CHF 2025-12-19 17:38:00+00:00  0.93184  0.93188  0.0  0.0  0.00015  0.000066       0
35  EUR_CHF 2025-12-19 17:39:00+00:00  0.93188  0.93185  0.0  0.0  0.00015  0.000107       0
36  EUR_CHF 2025-12-19 17:40:00+00:00  0.93182  0.93188  0.0  0.0  0.00018  0.000048       0
37  EUR_CHF 2025-12-19 17:41:00+00:00  0.93180  0.93182  0.0  0.0  0.00017  0.000028       0
38  EUR_CHF 2025-12-19 17:42:00+00:00  0.93176  0.93178  0.0  0.0  0.00017  0.000011       0
