2025-12-19 12:36:29 Log wrapper init() ./logs/GBP_USD.log
2025-12-19 12:36:29 {'n_ma': 20, 'n_std': 2.5, 'maxspread': 0.0004, 'mingain': 0.0014, 'riskreward': 1.5}
2025-12-19 12:36:31 CandleManager() init last_candle:last_candle: 25-12-19 17:35 is_ready:False
2025-12-19 12:37:02 CandleManager() new candle: last_candle: 25-12-19 17:36 is_ready:True
2025-12-19 12:37:03 tech_manager: max_rows: 40 candle_time:2025-12-19 17:36:00+00:00, ganularity:M1
2025-12-19 12:37:03 process_candles:
       PAIR                      time    mid_c    mid_o   SL   TP   SPREAD          GAIN  SIGNAL
34  GBP_USD 2025-12-19 17:32:00+00:00  1.33778  1.33777  0.0  0.0  0.00020  9.566667e-05       0
35  GBP_USD 2025-12-19 17:33:00+00:00  1.33790  1.33778  0.0  0.0  0.00018  1.821667e-04       0
36  GBP_USD 2025-12-19 17:34:00+00:00  1.33777  1.33788  0.0  0.0  0.00018  1.333333e-05       0
37  GBP_USD 2025-12-19 17:35:00+00:00  1.33778  1.33776  0.0  0.0  0.00020  5.000000e-07       0
38  GBP_USD 2025-12-19 17:36:00+00:00  1.33786  1.33778  0.0  0.0  0.00020  6.916667e-05       0
2025-12-19 12:38:06 CandleManager() new candle: last_candle: 25-12-19 17:37 is_ready:True
2025-12-19 12:38:07 tech_manager: max_rows: 40 candle_time:2025-12-19 17:37:00+00:00, ganularity:M1
2025-12-19 12:38:07 process_candles:
       PAIR                      time    mid_c    mid_o   SL   TP   SPREAD          GAIN  SIGNAL
34  GBP_USD 2025-12-19 17:33:00+00:00  1.33790  1.33778  0.0  0.0  0.00018  1.821667e-04       0
35  GBP_USD 2025-12-19 17:34:00+00:00  1.33777  1.33788  0.0  0.0  0.00018  1.333333e-05       0
36  GBP_USD 2025-12-19 17:35:00+00:00  1.33778  1.33776  0.0  0.0  0.00020  5.000000e-07       0
37  GBP_USD 2025-12-19 17:36:00+00:00  1.33786  1.33778  0.0  0.0  0.00020  6.916667e-05       0
38  GBP_USD 2025-12-19 17:37:00+00:00  1.33794  1.33786  0.0  0.0  0.00018  1.435000e-04       0
2025-12-19 12:39:10 CandleManager() new candle: last_candle: 25-12-19 17:38 is_ready:True
2025-12-19 12:39:11 tech_manager: max_rows: 40 candle_time:2025-12-19 17:38:00+00:00, ganularity:M1
2025-12-19 12:39:11 process_candles:
       PAIR                      time    mid_c    mid_o   SL   TP   SPREAD          GAIN  SIGNAL
34  GBP_USD 2025-12-19 17:34:00+00:00  1.33777  1.33788  0.0  0.0  0.00018  1.333333e-05       0
35  GBP_USD 2025-12-19 17:35:00+00:00  1.33778  1.33776  0.0  0.0  0.00020  5.000000e-07       0
36  GBP_USD 2025-12-19 17:36:00+00:00  1.33786  1.33778  0.0  0.0  0.00020  6.916667e-05       0
37  GBP_USD 2025-12-19 17:37:00+00:00  1.33794  1.33786  0.0  0.0  0.00018  1.435000e-04       0
38  GBP_USD 2025-12-19 17:38:00+00:00  1.33782  1.33794  0.0  0.0  0.00019  2.100000e-05       0
2025-12-19 12:40:04 CandleManager() new candle: last_candle: 25-12-19 17:39 is_ready:True
2025-12-19 12:40:04 tech_manager: max_rows: 40 candle_time:2025-12-19 17:39:00+00:00, ganularity:M1
2025-12-19 12:40:05 process_candles:
       PAIR                      time    mid_c    mid_o   SL   TP   SPREAD          GAIN  SIGNAL
34  GBP_USD 2025-12-19 17:35:00+00:00  1.33778  1.33776  0.0  0.0  0.00020  5.000000e-07       0
35  GBP_USD 2025-12-19 17:36:00+00:00  1.33786  1.33778  0.0  0.0  0.00020  6.916667e-05       0
36  GBP_USD 2025-12-19 17:37:00+00:00  1.33794  1.33786  0.0  0.0  0.00018  1.435000e-04       0
37  GBP_USD 2025-12-19 17:38:00+00:00  1.33782  1.33794  0.0  0.0  0.00019  2.100000e-05       0
38  GBP_USD 2025-12-19 17:39:00+00:00  1.33781  1.33782  0.0  0.0  0.00018  1.483333e-05       0
2025-12-19 12:41:08 CandleManager() new candle: last_candle: 25-12-19 17:40 is_ready:True
2025-12-19 12:41:08 tech_manager: max_rows: 40 candle_time:2025-12-19 17:40:00+00:00, ganularity:M1
2025-12-19 12:41:08 process_candles:
       PAIR                      time    mid_c    mid_o   SL   TP   SPREAD      GAIN  SIGNAL
34  GBP_USD 2025-12-19 17:36:00+00:00  1.33786  1.33778  0.0  0.0  0.00020  0.000069       0
35  GBP_USD 2025-12-19 17:37:00+00:00  1.33794  1.33786  0.0  0.0  0.00018  0.000143       0
36  GBP_USD 2025-12-19 17:38:00+00:00  1.33782  1.33794  0.0  0.0  0.00019  0.000021       0
37  GBP_USD 2025-12-19 17:39:00+00:00  1.33781  1.33782  0.0  0.0  0.00018  0.000015       0
38  GBP_USD 2025-12-19 17:40:00+00:00  1.33780  1.33780  0.0  0.0  0.00018  0.000001       0
2025-12-19 12:42:01 CandleManager() new candle: last_candle: 25-12-19 17:41 is_ready:True
2025-12-19 12:42:02 tech_manager: max_rows: 40 candle_time:2025-12-19 17:41:00+00:00, ganularity:M1
2025-12-19 12:42:02 process_candles:
       PAIR                      time    mid_c    mid_o        SL        TP   SPREAD      GAIN  SIGNAL
34  GBP_USD 2025-12-19 17:37:00+00:00  1.33794  1.33786  0.000000  0.000000  0.00018  0.000143       0
35  GBP_USD 2025-12-19 17:38:00+00:00  1.33782  1.33794  0.000000  0.000000  0.00019  0.000021       0
36  GBP_USD 2025-12-19 17:39:00+00:00  1.33781  1.33782  0.000000  0.000000  0.00018  0.000015       0
37  GBP_USD 2025-12-19 17:40:00+00:00  1.33780  1.33780  0.000000  0.000000  0.00018  0.000001       0
38  GBP_USD 2025-12-19 17:41:00+00:00  1.33795  1.33780  1.338043  1.337811  0.00018  0.000139      -1
2025-12-19 12:42:02 SIGNAL: PAIR                        GBP_USD
time      2025-12-19 17:41:00+00:00
mid_c                       1.33795
mid_o                        1.3378
SL                         1.338043
TP                         1.337811
SPREAD                      0.00018
GAIN                       0.000139
SIGNAL                           -1
Name: 38, dtype: object

2025-12-19 12:43:06 CandleManager() new candle: last_candle: 25-12-19 17:42 is_ready:True
2025-12-19 12:43:06 tech_manager: max_rows: 40 candle_time:2025-12-19 17:42:00+00:00, ganularity:M1
2025-12-19 12:43:07 process_candles:
       PAIR                      time    mid_c    mid_o        SL        TP   SPREAD      GAIN  SIGNAL
34  GBP_USD 2025-12-19 17:38:00+00:00  1.33782  1.33794  0.000000  0.000000  0.00019  0.000021       0
35  GBP_USD 2025-12-19 17:39:00+00:00  1.33781  1.33782  0.000000  0.000000  0.00018  0.000015       0
36  GBP_USD 2025-12-19 17:40:00+00:00  1.33780  1.33780  0.000000  0.000000  0.00018  0.000001       0
37  GBP_USD 2025-12-19 17:41:00+00:00  1.33795  1.33780  1.338043  1.337811  0.00018  0.000139      -1
38  GBP_USD 2025-12-19 17:42:00+00:00  1.33811  1.33797  1.338300  1.337825  0.00020  0.000285      -1
2025-12-19 12:43:07 SIGNAL: PAIR                        GBP_USD
time      2025-12-19 17:42:00+00:00
mid_c                       1.33811
mid_o                       1.33797
SL                           1.3383
TP                         1.337825
SPREAD                       0.0002
GAIN                       0.000285
SIGNAL                           -1
Name: 38, dtype: object

