2025-12-19 12:36:29 Log wrapper init() ./logs/GBP_JPY.log
2025-12-19 12:36:29 {'n_ma': 20, 'n_std': 2.5, 'maxspread': 0.04, 'mingain': 0.14, 'riskreward': 1.5}
2025-12-19 12:36:31 CandleManager() init last_candle:last_candle: 25-12-19 17:35 is_ready:False
2025-12-19 12:37:13 CandleManager() new candle: last_candle: 25-12-19 17:36 is_ready:True
2025-12-19 12:37:13 tech_manager: max_rows: 40 candle_time:2025-12-19 17:36:00+00:00, ganularity:M1
2025-12-19 12:37:13 process_candles:
       PAIR                      time    mid_c    mid_o   SL   TP  SPREAD      GAIN  SIGNAL
34  GBP_JPY 2025-12-19 17:32:00+00:00  210.736  210.716  0.0  0.0   0.035  0.000767       0
35  GBP_JPY 2025-12-19 17:33:00+00:00  210.740  210.736  0.0  0.0   0.036  0.002033       0
36  GBP_JPY 2025-12-19 17:34:00+00:00  210.751  210.742  0.0  0.0   0.034  0.013767       0
37  GBP_JPY 2025-12-19 17:35:00+00:00  210.740  210.752  0.0  0.0   0.037  0.001600       0
38  GBP_JPY 2025-12-19 17:36:00+00:00  210.735  210.741  0.0  0.0   0.038  0.011683       0
2025-12-19 12:38:06 CandleManager() new candle: last_candle: 25-12-19 17:37 is_ready:True
2025-12-19 12:38:06 tech_manager: max_rows: 40 candle_time:2025-12-19 17:37:00+00:00, ganularity:M1
2025-12-19 12:38:07 process_candles:
       PAIR                      time    mid_c    mid_o   SL   TP  SPREAD      GAIN  SIGNAL
34  GBP_JPY 2025-12-19 17:33:00+00:00  210.740  210.736  0.0  0.0   0.036  0.002033       0
35  GBP_JPY 2025-12-19 17:34:00+00:00  210.751  210.742  0.0  0.0   0.034  0.013767       0
36  GBP_JPY 2025-12-19 17:35:00+00:00  210.740  210.752  0.0  0.0   0.037  0.001600       0
37  GBP_JPY 2025-12-19 17:36:00+00:00  210.735  210.741  0.0  0.0   0.038  0.011683       0
38  GBP_JPY 2025-12-19 17:37:00+00:00  210.746  210.738  0.0  0.0   0.038  0.002817       0
2025-12-19 12:39:10 CandleManager() new candle: last_candle: 25-12-19 17:38 is_ready:True
2025-12-19 12:39:10 tech_manager: max_rows: 40 candle_time:2025-12-19 17:38:00+00:00, ganularity:M1
2025-12-19 12:39:11 process_candles:
       PAIR                      time    mid_c    mid_o   SL   TP  SPREAD      GAIN  SIGNAL
34  GBP_JPY 2025-12-19 17:34:00+00:00  210.751  210.742  0.0  0.0   0.034  0.013767       0
35  GBP_JPY 2025-12-19 17:35:00+00:00  210.740  210.752  0.0  0.0   0.037  0.001600       0
36  GBP_JPY 2025-12-19 17:36:00+00:00  210.735  210.741  0.0  0.0   0.038  0.011683       0
37  GBP_JPY 2025-12-19 17:37:00+00:00  210.746  210.738  0.0  0.0   0.038  0.002817       0
38  GBP_JPY 2025-12-19 17:38:00+00:00  210.746  210.746  0.0  0.0   0.038  0.004250       0
2025-12-19 12:40:04 CandleManager() new candle: last_candle: 25-12-19 17:39 is_ready:True
2025-12-19 12:40:04 tech_manager: max_rows: 40 candle_time:2025-12-19 17:39:00+00:00, ganularity:M1
2025-12-19 12:40:04 process_candles:
       PAIR                      time    mid_c    mid_o   SL   TP  SPREAD      GAIN  SIGNAL
34  GBP_JPY 2025-12-19 17:35:00+00:00  210.740  210.752  0.0  0.0   0.037  0.001600       0
35  GBP_JPY 2025-12-19 17:36:00+00:00  210.735  210.741  0.0  0.0   0.038  0.011683       0
36  GBP_JPY 2025-12-19 17:37:00+00:00  210.746  210.738  0.0  0.0   0.038  0.002817       0
37  GBP_JPY 2025-12-19 17:38:00+00:00  210.746  210.746  0.0  0.0   0.038  0.004250       0
38  GBP_JPY 2025-12-19 17:39:00+00:00  210.758  210.750  0.0  0.0   0.037  0.005917       0
2025-12-19 12:41:08 CandleManager() new candle: last_candle: 25-12-19 17:40 is_ready:True
2025-12-19 12:41:08 tech_manager: max_rows: 40 candle_time:2025-12-19 17:40:00+00:00, ganularity:M1
2025-12-19 12:41:08 process_candles:
       PAIR                      time    mid_c    mid_o   SL   TP  SPREAD      GAIN  SIGNAL
34  GBP_JPY 2025-12-19 17:36:00+00:00  210.735  210.741  0.0  0.0   0.038  0.011683       0
35  GBP_JPY 2025-12-19 17:37:00+00:00  210.746  210.738  0.0  0.0   0.038  0.002817       0
36  GBP_JPY 2025-12-19 17:38:00+00:00  210.746  210.746  0.0  0.0   0.038  0.004250       0
37  GBP_JPY 2025-12-19 17:39:00+00:00  210.758  210.750  0.0  0.0   0.037  0.005917       0
38  GBP_JPY 2025-12-19 17:40:00+00:00  210.745  210.756  0.0  0.0   0.038  0.008583       0
2025-12-19 12:42:01 CandleManager() new candle: last_candle: 25-12-19 17:41 is_ready:True
2025-12-19 12:42:02 tech_manager: max_rows: 40 candle_time:2025-12-19 17:41:00+00:00, ganularity:M1
2025-12-19 12:42:02 process_candles:
       PAIR                      time    mid_c    mid_o   SL   TP  SPREAD      GAIN  SIGNAL
34  GBP_JPY 2025-12-19 17:37:00+00:00  210.746  210.738  0.0  0.0   0.038  0.002817       0
35  GBP_JPY 2025-12-19 17:38:00+00:00  210.746  210.746  0.0  0.0   0.038  0.004250       0
36  GBP_JPY 2025-12-19 17:39:00+00:00  210.758  210.750  0.0  0.0   0.037  0.005917       0
37  GBP_JPY 2025-12-19 17:40:00+00:00  210.745  210.756  0.0  0.0   0.038  0.008583       0
38  GBP_JPY 2025-12-19 17:41:00+00:00  210.762  210.746  0.0  0.0   0.037  0.007983       0
2025-12-19 12:43:06 CandleManager() new candle: last_candle: 25-12-19 17:42 is_ready:True
2025-12-19 12:43:06 tech_manager: max_rows: 40 candle_time:2025-12-19 17:42:00+00:00, ganularity:M1
2025-12-19 12:43:06 process_candles:
       PAIR                      time    mid_c    mid_o   SL   TP  SPREAD      GAIN  SIGNAL
34  GBP_JPY 2025-12-19 17:38:00+00:00  210.746  210.746  0.0  0.0   0.038  0.004250       0
35  GBP_JPY 2025-12-19 17:39:00+00:00  210.758  210.750  0.0  0.0   0.037  0.005917       0
36  GBP_JPY 2025-12-19 17:40:00+00:00  210.745  210.756  0.0  0.0   0.038  0.008583       0
37  GBP_JPY 2025-12-19 17:41:00+00:00  210.762  210.746  0.0  0.0   0.037  0.007983       0
38  GBP_JPY 2025-12-19 17:42:00+00:00  210.738  210.764  0.0  0.0   0.033  0.014700       0
