2026-03-13 10:24:36 Log wrapper init() ./logs/PriceStreamer.log
2026-03-13 10:24:54 
2026-03-13 10:24:54 
  instrument                             time        ask        bid
0    GBP_CHF 2026-03-13 14:24:44.068036+00:00    1.04521    1.04485
1    EUR_USD 2026-03-13 14:24:43.471603+00:00    1.14764    1.14748
2    GBP_JPY 2026-03-13 14:24:44.144191+00:00  211.21900  211.18100
3    GBP_USD 2026-03-13 14:24:44.751495+00:00    1.32715    1.32694
4    EUR_GBP 2026-03-13 14:24:43.493806+00:00    0.86482    0.86471
2026-03-13 10:25:03 
2026-03-13 10:25:03 
  instrument                             time        ask        bid
0    GBP_CHF 2026-03-13 14:25:02.551288+00:00    1.04520    1.04481
1    EUR_USD 2026-03-13 14:25:02.870268+00:00    1.14776    1.14760
2    GBP_JPY 2026-03-13 14:25:03.174282+00:00  211.23500  211.19700
3    GBP_USD 2026-03-13 14:25:02.726076+00:00    1.32729    1.32708
4    EUR_GBP 2026-03-13 14:25:02.852975+00:00    0.86483    0.86468
2026-03-13 10:25:31 
2026-03-13 10:25:31 
  instrument                             time        ask        bid
0    GBP_CHF 2026-03-13 14:25:18.595905+00:00    1.04517    1.04478
1    EUR_USD 2026-03-13 14:25:19.515372+00:00    1.14780    1.14763
2    GBP_JPY 2026-03-13 14:25:21.080813+00:00  211.24300  211.20800
3    GBP_USD 2026-03-13 14:25:20.345508+00:00    1.32730    1.32710
4    EUR_GBP 2026-03-13 14:25:21.522436+00:00    0.86484    0.86470
2026-03-13 10:25:40 
2026-03-13 10:25:40 
  instrument                             time        ask        bid
0    GBP_CHF 2026-03-13 14:25:38.140977+00:00    1.04520    1.04481
1    EUR_USD 2026-03-13 14:25:38.370271+00:00    1.14784    1.14768
2    GBP_JPY 2026-03-13 14:25:39.843066+00:00  211.26100  211.22700
3    GBP_USD 2026-03-13 14:25:39.693071+00:00    1.32733    1.32713
4    EUR_GBP 2026-03-13 14:25:35.562668+00:00    0.86485    0.86471
2026-03-13 10:25:58 
2026-03-13 10:25:58 
  instrument                             time        ask        bid
0    GBP_CHF 2026-03-13 14:25:57.491301+00:00    1.04523    1.04484
1    EUR_USD 2026-03-13 14:25:57.958025+00:00    1.14777    1.14761
2    GBP_JPY 2026-03-13 14:25:57.914822+00:00  211.26800  211.22900
3    GBP_USD 2026-03-13 14:25:58.235648+00:00    1.32722    1.32703
4    EUR_GBP 2026-03-13 14:25:52.458515+00:00    0.86487    0.86473
2026-03-13 10:26:16 
2026-03-13 10:26:16 
  instrument                             time        ask        bid
0    GBP_CHF 2026-03-13 14:26:16.029745+00:00    1.04519    1.04480
1    EUR_USD 2026-03-13 14:26:16.030758+00:00    1.14767    1.14752
2    GBP_JPY 2026-03-13 14:26:16.287251+00:00  211.25900  211.21800
3    GBP_USD 2026-03-13 14:26:16.517564+00:00    1.32708    1.32687
4    EUR_GBP 2026-03-13 14:26:13.962779+00:00    0.86489    0.86475
